ARM GAS  C:\Users\STUDENT\AppData\Local\Temp\ccgWYFFL.s 			page 1


   1              		.syntax unified
   2              		.cpu cortex-m0
   3              		.fpu softvfp
   4              		.eabi_attribute 20, 1
   5              		.eabi_attribute 21, 1
   6              		.eabi_attribute 23, 3
   7              		.eabi_attribute 24, 1
   8              		.eabi_attribute 25, 1
   9              		.eabi_attribute 26, 1
  10              		.eabi_attribute 30, 1
  11              		.eabi_attribute 34, 0
  12              		.eabi_attribute 18, 4
  13              		.thumb
  14              		.syntax unified
  15              		.file	"main.c"
  16              		.text
  17              	.Ltext0:
  18              		.cfi_sections	.debug_frame
  19              		.section	.text.main,"ax",%progbits
  20              		.align	2
  21              		.global	main
  22              		.code	16
  23              		.thumb_func
  24              		.type	main, %function
  25              	main:
  26              	.LFB32:
  27              		.file 1 "main.c"
   1:main.c        **** #include "project.h"
   2:main.c        **** int main(void)
   3:main.c        **** {
  28              		.loc 1 3 0
  29              		.cfi_startproc
  30              		@ Volatile: function does not return.
  31              		@ args = 0, pretend = 0, frame = 0
  32              		@ frame_needed = 0, uses_anonymous_args = 0
  33 0000 10B5     		push	{r4, lr}
  34              		.cfi_def_cfa_offset 8
  35              		.cfi_offset 4, -8
  36              		.cfi_offset 14, -4
   4:main.c        **** CyGlobalIntEnable; /* Enable global interrupts. */
  37              		.loc 1 4 0
  38              		.syntax divided
  39              	@ 4 "main.c" 1
  40 0002 62B6     		CPSIE   i
  41              	@ 0 "" 2
  42              		.thumb
  43              		.syntax unified
  44              	.L2:
   5:main.c        **** for(;;)
   6:main.c        **** {
   7:main.c        **** GREEN_Write(0);
  45              		.loc 1 7 0 discriminator 1
  46 0004 0020     		movs	r0, #0
  47 0006 FFF7FEFF 		bl	GREEN_Write
  48              	.LVL0:
   8:main.c        **** CyDelay(500);
  49              		.loc 1 8 0 discriminator 1
ARM GAS  C:\Users\STUDENT\AppData\Local\Temp\ccgWYFFL.s 			page 2


  50 000a FA24     		movs	r4, #250
  51 000c 6400     		lsls	r4, r4, #1
  52 000e 2000     		movs	r0, r4
  53 0010 FFF7FEFF 		bl	CyDelay
  54              	.LVL1:
   9:main.c        **** GREEN_Write(1);
  55              		.loc 1 9 0 discriminator 1
  56 0014 0120     		movs	r0, #1
  57 0016 FFF7FEFF 		bl	GREEN_Write
  58              	.LVL2:
  10:main.c        **** CyDelay(500);
  59              		.loc 1 10 0 discriminator 1
  60 001a 2000     		movs	r0, r4
  61 001c FFF7FEFF 		bl	CyDelay
  62              	.LVL3:
  11:main.c        **** 
  12:main.c        **** RED_Write(1);
  63              		.loc 1 12 0 discriminator 1
  64 0020 0120     		movs	r0, #1
  65 0022 FFF7FEFF 		bl	RED_Write
  66              	.LVL4:
  13:main.c        **** GREEN_Write(0);
  67              		.loc 1 13 0 discriminator 1
  68 0026 0020     		movs	r0, #0
  69 0028 FFF7FEFF 		bl	GREEN_Write
  70              	.LVL5:
  14:main.c        **** BLUE_Write(0);
  71              		.loc 1 14 0 discriminator 1
  72 002c 0020     		movs	r0, #0
  73 002e FFF7FEFF 		bl	BLUE_Write
  74              	.LVL6:
  15:main.c        **** CyDelay(500);
  75              		.loc 1 15 0 discriminator 1
  76 0032 2000     		movs	r0, r4
  77 0034 FFF7FEFF 		bl	CyDelay
  78              	.LVL7:
  16:main.c        **** 
  17:main.c        **** RED_Write(1);
  79              		.loc 1 17 0 discriminator 1
  80 0038 0120     		movs	r0, #1
  81 003a FFF7FEFF 		bl	RED_Write
  82              	.LVL8:
  18:main.c        **** GREEN_Write(1);
  83              		.loc 1 18 0 discriminator 1
  84 003e 0120     		movs	r0, #1
  85 0040 FFF7FEFF 		bl	GREEN_Write
  86              	.LVL9:
  19:main.c        **** BLUE_Write(1);
  87              		.loc 1 19 0 discriminator 1
  88 0044 0120     		movs	r0, #1
  89 0046 FFF7FEFF 		bl	BLUE_Write
  90              	.LVL10:
  20:main.c        **** CyDelay(500);
  91              		.loc 1 20 0 discriminator 1
  92 004a 2000     		movs	r0, r4
  93 004c FFF7FEFF 		bl	CyDelay
  94              	.LVL11:
ARM GAS  C:\Users\STUDENT\AppData\Local\Temp\ccgWYFFL.s 			page 3


  95 0050 D8E7     		b	.L2
  96              		.cfi_endproc
  97              	.LFE32:
  98              		.size	main, .-main
  99 0052 C046     		.text
 100              	.Letext0:
 101              		.file 2 "Generated_Source\\PSoC4/GREEN.h"
 102              		.file 3 "Generated_Source\\PSoC4/CyLib.h"
 103              		.file 4 "Generated_Source\\PSoC4/RED.h"
 104              		.file 5 "Generated_Source\\PSoC4/BLUE.h"
 105              		.section	.debug_info,"",%progbits
 106              	.Ldebug_info0:
 107 0000 B5010000 		.4byte	0x1b5
 108 0004 0400     		.2byte	0x4
 109 0006 00000000 		.4byte	.Ldebug_abbrev0
 110 000a 04       		.byte	0x4
 111 000b 01       		.uleb128 0x1
 112 000c E5000000 		.4byte	.LASF18
 113 0010 0C       		.byte	0xc
 114 0011 1B000000 		.4byte	.LASF19
 115 0015 A2000000 		.4byte	.LASF20
 116 0019 00000000 		.4byte	.Ldebug_ranges0+0
 117 001d 00000000 		.4byte	0
 118 0021 00000000 		.4byte	.Ldebug_line0
 119 0025 02       		.uleb128 0x2
 120 0026 01       		.byte	0x1
 121 0027 06       		.byte	0x6
 122 0028 86010000 		.4byte	.LASF0
 123 002c 02       		.uleb128 0x2
 124 002d 01       		.byte	0x1
 125 002e 08       		.byte	0x8
 126 002f 78000000 		.4byte	.LASF1
 127 0033 02       		.uleb128 0x2
 128 0034 02       		.byte	0x2
 129 0035 05       		.byte	0x5
 130 0036 9E010000 		.4byte	.LASF2
 131 003a 02       		.uleb128 0x2
 132 003b 02       		.byte	0x2
 133 003c 07       		.byte	0x7
 134 003d 73010000 		.4byte	.LASF3
 135 0041 02       		.uleb128 0x2
 136 0042 04       		.byte	0x4
 137 0043 05       		.byte	0x5
 138 0044 92000000 		.4byte	.LASF4
 139 0048 02       		.uleb128 0x2
 140 0049 04       		.byte	0x4
 141 004a 07       		.byte	0x7
 142 004b 2F000000 		.4byte	.LASF5
 143 004f 02       		.uleb128 0x2
 144 0050 08       		.byte	0x8
 145 0051 05       		.byte	0x5
 146 0052 00000000 		.4byte	.LASF6
 147 0056 02       		.uleb128 0x2
 148 0057 08       		.byte	0x8
 149 0058 07       		.byte	0x7
 150 0059 41000000 		.4byte	.LASF7
 151 005d 03       		.uleb128 0x3
ARM GAS  C:\Users\STUDENT\AppData\Local\Temp\ccgWYFFL.s 			page 4


 152 005e 04       		.byte	0x4
 153 005f 05       		.byte	0x5
 154 0060 696E7400 		.ascii	"int\000"
 155 0064 02       		.uleb128 0x2
 156 0065 04       		.byte	0x4
 157 0066 07       		.byte	0x7
 158 0067 0E000000 		.4byte	.LASF8
 159 006b 02       		.uleb128 0x2
 160 006c 04       		.byte	0x4
 161 006d 04       		.byte	0x4
 162 006e 5D000000 		.4byte	.LASF9
 163 0072 02       		.uleb128 0x2
 164 0073 08       		.byte	0x8
 165 0074 04       		.byte	0x4
 166 0075 9B000000 		.4byte	.LASF10
 167 0079 02       		.uleb128 0x2
 168 007a 01       		.byte	0x1
 169 007b 08       		.byte	0x8
 170 007c 58000000 		.4byte	.LASF11
 171 0080 02       		.uleb128 0x2
 172 0081 04       		.byte	0x4
 173 0082 07       		.byte	0x7
 174 0083 A8010000 		.4byte	.LASF12
 175 0087 02       		.uleb128 0x2
 176 0088 08       		.byte	0x8
 177 0089 04       		.byte	0x4
 178 008a 92010000 		.4byte	.LASF13
 179 008e 04       		.uleb128 0x4
 180 008f 22000000 		.4byte	.LASF21
 181 0093 01       		.byte	0x1
 182 0094 02       		.byte	0x2
 183 0095 5D000000 		.4byte	0x5d
 184 0099 00000000 		.4byte	.LFB32
 185 009d 52000000 		.4byte	.LFE32-.LFB32
 186 00a1 01       		.uleb128 0x1
 187 00a2 9C       		.byte	0x9c
 188 00a3 8C010000 		.4byte	0x18c
 189 00a7 05       		.uleb128 0x5
 190 00a8 0A000000 		.4byte	.LVL0
 191 00ac 8C010000 		.4byte	0x18c
 192 00b0 BA000000 		.4byte	0xba
 193 00b4 06       		.uleb128 0x6
 194 00b5 01       		.uleb128 0x1
 195 00b6 50       		.byte	0x50
 196 00b7 01       		.uleb128 0x1
 197 00b8 30       		.byte	0x30
 198 00b9 00       		.byte	0
 199 00ba 05       		.uleb128 0x5
 200 00bb 14000000 		.4byte	.LVL1
 201 00bf 97010000 		.4byte	0x197
 202 00c3 CE000000 		.4byte	0xce
 203 00c7 06       		.uleb128 0x6
 204 00c8 01       		.uleb128 0x1
 205 00c9 50       		.byte	0x50
 206 00ca 02       		.uleb128 0x2
 207 00cb 74       		.byte	0x74
 208 00cc 00       		.sleb128 0
ARM GAS  C:\Users\STUDENT\AppData\Local\Temp\ccgWYFFL.s 			page 5


 209 00cd 00       		.byte	0
 210 00ce 05       		.uleb128 0x5
 211 00cf 1A000000 		.4byte	.LVL2
 212 00d3 8C010000 		.4byte	0x18c
 213 00d7 E1000000 		.4byte	0xe1
 214 00db 06       		.uleb128 0x6
 215 00dc 01       		.uleb128 0x1
 216 00dd 50       		.byte	0x50
 217 00de 01       		.uleb128 0x1
 218 00df 31       		.byte	0x31
 219 00e0 00       		.byte	0
 220 00e1 05       		.uleb128 0x5
 221 00e2 20000000 		.4byte	.LVL3
 222 00e6 97010000 		.4byte	0x197
 223 00ea F5000000 		.4byte	0xf5
 224 00ee 06       		.uleb128 0x6
 225 00ef 01       		.uleb128 0x1
 226 00f0 50       		.byte	0x50
 227 00f1 02       		.uleb128 0x2
 228 00f2 74       		.byte	0x74
 229 00f3 00       		.sleb128 0
 230 00f4 00       		.byte	0
 231 00f5 05       		.uleb128 0x5
 232 00f6 26000000 		.4byte	.LVL4
 233 00fa A2010000 		.4byte	0x1a2
 234 00fe 08010000 		.4byte	0x108
 235 0102 06       		.uleb128 0x6
 236 0103 01       		.uleb128 0x1
 237 0104 50       		.byte	0x50
 238 0105 01       		.uleb128 0x1
 239 0106 31       		.byte	0x31
 240 0107 00       		.byte	0
 241 0108 05       		.uleb128 0x5
 242 0109 2C000000 		.4byte	.LVL5
 243 010d 8C010000 		.4byte	0x18c
 244 0111 1B010000 		.4byte	0x11b
 245 0115 06       		.uleb128 0x6
 246 0116 01       		.uleb128 0x1
 247 0117 50       		.byte	0x50
 248 0118 01       		.uleb128 0x1
 249 0119 30       		.byte	0x30
 250 011a 00       		.byte	0
 251 011b 05       		.uleb128 0x5
 252 011c 32000000 		.4byte	.LVL6
 253 0120 AD010000 		.4byte	0x1ad
 254 0124 2E010000 		.4byte	0x12e
 255 0128 06       		.uleb128 0x6
 256 0129 01       		.uleb128 0x1
 257 012a 50       		.byte	0x50
 258 012b 01       		.uleb128 0x1
 259 012c 30       		.byte	0x30
 260 012d 00       		.byte	0
 261 012e 05       		.uleb128 0x5
 262 012f 38000000 		.4byte	.LVL7
 263 0133 97010000 		.4byte	0x197
 264 0137 42010000 		.4byte	0x142
 265 013b 06       		.uleb128 0x6
ARM GAS  C:\Users\STUDENT\AppData\Local\Temp\ccgWYFFL.s 			page 6


 266 013c 01       		.uleb128 0x1
 267 013d 50       		.byte	0x50
 268 013e 02       		.uleb128 0x2
 269 013f 74       		.byte	0x74
 270 0140 00       		.sleb128 0
 271 0141 00       		.byte	0
 272 0142 05       		.uleb128 0x5
 273 0143 3E000000 		.4byte	.LVL8
 274 0147 A2010000 		.4byte	0x1a2
 275 014b 55010000 		.4byte	0x155
 276 014f 06       		.uleb128 0x6
 277 0150 01       		.uleb128 0x1
 278 0151 50       		.byte	0x50
 279 0152 01       		.uleb128 0x1
 280 0153 31       		.byte	0x31
 281 0154 00       		.byte	0
 282 0155 05       		.uleb128 0x5
 283 0156 44000000 		.4byte	.LVL9
 284 015a 8C010000 		.4byte	0x18c
 285 015e 68010000 		.4byte	0x168
 286 0162 06       		.uleb128 0x6
 287 0163 01       		.uleb128 0x1
 288 0164 50       		.byte	0x50
 289 0165 01       		.uleb128 0x1
 290 0166 31       		.byte	0x31
 291 0167 00       		.byte	0
 292 0168 05       		.uleb128 0x5
 293 0169 4A000000 		.4byte	.LVL10
 294 016d AD010000 		.4byte	0x1ad
 295 0171 7B010000 		.4byte	0x17b
 296 0175 06       		.uleb128 0x6
 297 0176 01       		.uleb128 0x1
 298 0177 50       		.byte	0x50
 299 0178 01       		.uleb128 0x1
 300 0179 31       		.byte	0x31
 301 017a 00       		.byte	0
 302 017b 07       		.uleb128 0x7
 303 017c 50000000 		.4byte	.LVL11
 304 0180 97010000 		.4byte	0x197
 305 0184 06       		.uleb128 0x6
 306 0185 01       		.uleb128 0x1
 307 0186 50       		.byte	0x50
 308 0187 02       		.uleb128 0x2
 309 0188 74       		.byte	0x74
 310 0189 00       		.sleb128 0
 311 018a 00       		.byte	0
 312 018b 00       		.byte	0
 313 018c 08       		.uleb128 0x8
 314 018d 86000000 		.4byte	.LASF14
 315 0191 86000000 		.4byte	.LASF14
 316 0195 02       		.byte	0x2
 317 0196 33       		.byte	0x33
 318 0197 08       		.uleb128 0x8
 319 0198 27000000 		.4byte	.LASF15
 320 019c 27000000 		.4byte	.LASF15
 321 01a0 03       		.byte	0x3
 322 01a1 EC       		.byte	0xec
ARM GAS  C:\Users\STUDENT\AppData\Local\Temp\ccgWYFFL.s 			page 7


 323 01a2 08       		.uleb128 0x8
 324 01a3 6E000000 		.4byte	.LASF16
 325 01a7 6E000000 		.4byte	.LASF16
 326 01ab 04       		.byte	0x4
 327 01ac 33       		.byte	0x33
 328 01ad 08       		.uleb128 0x8
 329 01ae 63000000 		.4byte	.LASF17
 330 01b2 63000000 		.4byte	.LASF17
 331 01b6 05       		.byte	0x5
 332 01b7 33       		.byte	0x33
 333 01b8 00       		.byte	0
 334              		.section	.debug_abbrev,"",%progbits
 335              	.Ldebug_abbrev0:
 336 0000 01       		.uleb128 0x1
 337 0001 11       		.uleb128 0x11
 338 0002 01       		.byte	0x1
 339 0003 25       		.uleb128 0x25
 340 0004 0E       		.uleb128 0xe
 341 0005 13       		.uleb128 0x13
 342 0006 0B       		.uleb128 0xb
 343 0007 03       		.uleb128 0x3
 344 0008 0E       		.uleb128 0xe
 345 0009 1B       		.uleb128 0x1b
 346 000a 0E       		.uleb128 0xe
 347 000b 55       		.uleb128 0x55
 348 000c 17       		.uleb128 0x17
 349 000d 11       		.uleb128 0x11
 350 000e 01       		.uleb128 0x1
 351 000f 10       		.uleb128 0x10
 352 0010 17       		.uleb128 0x17
 353 0011 00       		.byte	0
 354 0012 00       		.byte	0
 355 0013 02       		.uleb128 0x2
 356 0014 24       		.uleb128 0x24
 357 0015 00       		.byte	0
 358 0016 0B       		.uleb128 0xb
 359 0017 0B       		.uleb128 0xb
 360 0018 3E       		.uleb128 0x3e
 361 0019 0B       		.uleb128 0xb
 362 001a 03       		.uleb128 0x3
 363 001b 0E       		.uleb128 0xe
 364 001c 00       		.byte	0
 365 001d 00       		.byte	0
 366 001e 03       		.uleb128 0x3
 367 001f 24       		.uleb128 0x24
 368 0020 00       		.byte	0
 369 0021 0B       		.uleb128 0xb
 370 0022 0B       		.uleb128 0xb
 371 0023 3E       		.uleb128 0x3e
 372 0024 0B       		.uleb128 0xb
 373 0025 03       		.uleb128 0x3
 374 0026 08       		.uleb128 0x8
 375 0027 00       		.byte	0
 376 0028 00       		.byte	0
 377 0029 04       		.uleb128 0x4
 378 002a 2E       		.uleb128 0x2e
 379 002b 01       		.byte	0x1
ARM GAS  C:\Users\STUDENT\AppData\Local\Temp\ccgWYFFL.s 			page 8


 380 002c 3F       		.uleb128 0x3f
 381 002d 19       		.uleb128 0x19
 382 002e 03       		.uleb128 0x3
 383 002f 0E       		.uleb128 0xe
 384 0030 3A       		.uleb128 0x3a
 385 0031 0B       		.uleb128 0xb
 386 0032 3B       		.uleb128 0x3b
 387 0033 0B       		.uleb128 0xb
 388 0034 27       		.uleb128 0x27
 389 0035 19       		.uleb128 0x19
 390 0036 49       		.uleb128 0x49
 391 0037 13       		.uleb128 0x13
 392 0038 8701     		.uleb128 0x87
 393 003a 19       		.uleb128 0x19
 394 003b 11       		.uleb128 0x11
 395 003c 01       		.uleb128 0x1
 396 003d 12       		.uleb128 0x12
 397 003e 06       		.uleb128 0x6
 398 003f 40       		.uleb128 0x40
 399 0040 18       		.uleb128 0x18
 400 0041 9742     		.uleb128 0x2117
 401 0043 19       		.uleb128 0x19
 402 0044 01       		.uleb128 0x1
 403 0045 13       		.uleb128 0x13
 404 0046 00       		.byte	0
 405 0047 00       		.byte	0
 406 0048 05       		.uleb128 0x5
 407 0049 898201   		.uleb128 0x4109
 408 004c 01       		.byte	0x1
 409 004d 11       		.uleb128 0x11
 410 004e 01       		.uleb128 0x1
 411 004f 31       		.uleb128 0x31
 412 0050 13       		.uleb128 0x13
 413 0051 01       		.uleb128 0x1
 414 0052 13       		.uleb128 0x13
 415 0053 00       		.byte	0
 416 0054 00       		.byte	0
 417 0055 06       		.uleb128 0x6
 418 0056 8A8201   		.uleb128 0x410a
 419 0059 00       		.byte	0
 420 005a 02       		.uleb128 0x2
 421 005b 18       		.uleb128 0x18
 422 005c 9142     		.uleb128 0x2111
 423 005e 18       		.uleb128 0x18
 424 005f 00       		.byte	0
 425 0060 00       		.byte	0
 426 0061 07       		.uleb128 0x7
 427 0062 898201   		.uleb128 0x4109
 428 0065 01       		.byte	0x1
 429 0066 11       		.uleb128 0x11
 430 0067 01       		.uleb128 0x1
 431 0068 31       		.uleb128 0x31
 432 0069 13       		.uleb128 0x13
 433 006a 00       		.byte	0
 434 006b 00       		.byte	0
 435 006c 08       		.uleb128 0x8
 436 006d 2E       		.uleb128 0x2e
ARM GAS  C:\Users\STUDENT\AppData\Local\Temp\ccgWYFFL.s 			page 9


 437 006e 00       		.byte	0
 438 006f 3F       		.uleb128 0x3f
 439 0070 19       		.uleb128 0x19
 440 0071 3C       		.uleb128 0x3c
 441 0072 19       		.uleb128 0x19
 442 0073 6E       		.uleb128 0x6e
 443 0074 0E       		.uleb128 0xe
 444 0075 03       		.uleb128 0x3
 445 0076 0E       		.uleb128 0xe
 446 0077 3A       		.uleb128 0x3a
 447 0078 0B       		.uleb128 0xb
 448 0079 3B       		.uleb128 0x3b
 449 007a 0B       		.uleb128 0xb
 450 007b 00       		.byte	0
 451 007c 00       		.byte	0
 452 007d 00       		.byte	0
 453              		.section	.debug_aranges,"",%progbits
 454 0000 1C000000 		.4byte	0x1c
 455 0004 0200     		.2byte	0x2
 456 0006 00000000 		.4byte	.Ldebug_info0
 457 000a 04       		.byte	0x4
 458 000b 00       		.byte	0
 459 000c 0000     		.2byte	0
 460 000e 0000     		.2byte	0
 461 0010 00000000 		.4byte	.LFB32
 462 0014 52000000 		.4byte	.LFE32-.LFB32
 463 0018 00000000 		.4byte	0
 464 001c 00000000 		.4byte	0
 465              		.section	.debug_ranges,"",%progbits
 466              	.Ldebug_ranges0:
 467 0000 00000000 		.4byte	.LFB32
 468 0004 52000000 		.4byte	.LFE32
 469 0008 00000000 		.4byte	0
 470 000c 00000000 		.4byte	0
 471              		.section	.debug_line,"",%progbits
 472              	.Ldebug_line0:
 473 0000 AD000000 		.section	.debug_str,"MS",%progbits,1
 473      02005D00 
 473      00000201 
 473      FB0E0D00 
 473      01010101 
 474              	.LASF6:
 475 0000 6C6F6E67 		.ascii	"long long int\000"
 475      206C6F6E 
 475      6720696E 
 475      7400
 476              	.LASF8:
 477 000e 756E7369 		.ascii	"unsigned int\000"
 477      676E6564 
 477      20696E74 
 477      00
 478              	.LASF19:
 479 001b 6D61696E 		.ascii	"main.c\000"
 479      2E6300
 480              	.LASF21:
 481 0022 6D61696E 		.ascii	"main\000"
 481      00
ARM GAS  C:\Users\STUDENT\AppData\Local\Temp\ccgWYFFL.s 			page 10


 482              	.LASF15:
 483 0027 43794465 		.ascii	"CyDelay\000"
 483      6C617900 
 484              	.LASF5:
 485 002f 6C6F6E67 		.ascii	"long unsigned int\000"
 485      20756E73 
 485      69676E65 
 485      6420696E 
 485      7400
 486              	.LASF7:
 487 0041 6C6F6E67 		.ascii	"long long unsigned int\000"
 487      206C6F6E 
 487      6720756E 
 487      7369676E 
 487      65642069 
 488              	.LASF11:
 489 0058 63686172 		.ascii	"char\000"
 489      00
 490              	.LASF9:
 491 005d 666C6F61 		.ascii	"float\000"
 491      7400
 492              	.LASF17:
 493 0063 424C5545 		.ascii	"BLUE_Write\000"
 493      5F577269 
 493      746500
 494              	.LASF16:
 495 006e 5245445F 		.ascii	"RED_Write\000"
 495      57726974 
 495      6500
 496              	.LASF1:
 497 0078 756E7369 		.ascii	"unsigned char\000"
 497      676E6564 
 497      20636861 
 497      7200
 498              	.LASF14:
 499 0086 47524545 		.ascii	"GREEN_Write\000"
 499      4E5F5772 
 499      69746500 
 500              	.LASF4:
 501 0092 6C6F6E67 		.ascii	"long int\000"
 501      20696E74 
 501      00
 502              	.LASF10:
 503 009b 646F7562 		.ascii	"double\000"
 503      6C6500
 504              	.LASF20:
 505 00a2 433A5C55 		.ascii	"C:\\Users\\STUDENT\\Documents\\SkorobohatyiLab1\\Sk"
 505      73657273 
 505      5C535455 
 505      44454E54 
 505      5C446F63 
 506 00d0 6F726F62 		.ascii	"orobohatyiLab1.cydsn\000"
 506      6F686174 
 506      79694C61 
 506      62312E63 
 506      7964736E 
 507              	.LASF18:
ARM GAS  C:\Users\STUDENT\AppData\Local\Temp\ccgWYFFL.s 			page 11


 508 00e5 474E5520 		.ascii	"GNU C11 5.4.1 20160609 (release) [ARM/embedded-5-br"
 508      43313120 
 508      352E342E 
 508      31203230 
 508      31363036 
 509 0118 616E6368 		.ascii	"anch revision 237715] -mcpu=cortex-m0 -mthumb -g -O"
 509      20726576 
 509      6973696F 
 509      6E203233 
 509      37373135 
 510 014b 67202D66 		.ascii	"g -ffunction-sections -ffat-lto-objects\000"
 510      66756E63 
 510      74696F6E 
 510      2D736563 
 510      74696F6E 
 511              	.LASF3:
 512 0173 73686F72 		.ascii	"short unsigned int\000"
 512      7420756E 
 512      7369676E 
 512      65642069 
 512      6E7400
 513              	.LASF0:
 514 0186 7369676E 		.ascii	"signed char\000"
 514      65642063 
 514      68617200 
 515              	.LASF13:
 516 0192 6C6F6E67 		.ascii	"long double\000"
 516      20646F75 
 516      626C6500 
 517              	.LASF2:
 518 019e 73686F72 		.ascii	"short int\000"
 518      7420696E 
 518      7400
 519              	.LASF12:
 520 01a8 73697A65 		.ascii	"sizetype\000"
 520      74797065 
 520      00
 521              		.ident	"GCC: (GNU Tools for ARM Embedded Processors) 5.4.1 20160609 (release) [ARM/embedded-5-bran
