--------------- Clean Started: 03/16/2026 11:02:18 Project: SkorobohatyiLab2, Configuration: ARM GCC 5.4-2016-q2-update Debug ---------------
Deleting file ".\CortexM0\ARM_GCC_541\Debug\main.o"
Deleting file ".\CortexM0\ARM_GCC_541\Debug\cyfitter_cfg.o"
Deleting file ".\CortexM0\ARM_GCC_541\Debug\cymetadata.o"
Deleting file ".\CortexM0\ARM_GCC_541\Debug\Button.o"
Deleting file ".\CortexM0\ARM_GCC_541\Debug\Button_PM.o"
Deleting file ".\CortexM0\ARM_GCC_541\Debug\Cm0Start.o"
Deleting file ".\CortexM0\ARM_GCC_541\Debug\CyFlash.o"
Deleting file ".\CortexM0\ARM_GCC_541\Debug\CyLib.o"
Deleting file ".\CortexM0\ARM_GCC_541\Debug\cyPm.o"
Deleting file ".\CortexM0\ARM_GCC_541\Debug\cyutils.o"
Deleting file ".\CortexM0\ARM_GCC_541\Debug\CyBootAsmGnu.o"
Deleting file ".\CortexM0\ARM_GCC_541\Debug\CyLFClk.o"
Deleting file ".\CortexM0\ARM_GCC_541\Debug\cy_em_eeprom.o"
Deleting file ".\CortexM0\ARM_GCC_541\Debug\BLUE.o"
Deleting file ".\CortexM0\ARM_GCC_541\Debug\BLUE_PM.o"
Deleting file ".\CortexM0\ARM_GCC_541\Debug\RED.o"
Deleting file ".\CortexM0\ARM_GCC_541\Debug\RED_PM.o"
Deleting file ".\CortexM0\ARM_GCC_541\Debug\GREEN.o"
Deleting file ".\CortexM0\ARM_GCC_541\Debug\GREEN_PM.o"
Deleting file ".\CortexM0\ARM_GCC_541\Debug\SkorobohatyiLab2.hex"
Deleting file ".\CortexM0\ARM_GCC_541\Debug\SkorobohatyiLab2.elf"
Deleting file ".\CortexM0\ARM_GCC_541\Debug\SkorobohatyiLab2.map"
Deleting file ".\SkorobohatyiLab2.cycdx"
Deleting file ".\SkorobohatyiLab2.rpt"
Deleting file ".\SkorobohatyiLab2_timing.html"
Deleting file ".\CortexM0\ARM_GCC_541\Debug\.deps\SOURCE_C__ARM_GCC_GENERIC.P"
Deleting file ".\CortexM0\ARM_GCC_541\Debug\.deps\SOURCE_ASM__ARM_GCC_GENERIC.P"
--------------- Clean Succeeded: 03/16/2026 11:02:18 ---------------
