ARM GAS  C:\Users\statm\AppData\Local\Temp\ccrjYWV9.s 			page 1


   1              		.syntax unified
   2              		.cpu cortex-m0
   3              		.fpu softvfp
   4              		.eabi_attribute 20, 1
   5              		.eabi_attribute 21, 1
   6              		.eabi_attribute 23, 3
   7              		.eabi_attribute 24, 1
   8              		.eabi_attribute 25, 1
   9              		.eabi_attribute 26, 1
  10              		.eabi_attribute 30, 1
  11              		.eabi_attribute 34, 0
  12              		.eabi_attribute 18, 4
  13              		.thumb
  14              		.syntax unified
  15              		.file	"main.c"
  16              		.text
  17              	.Ltext0:
  18              		.cfi_sections	.debug_frame
  19              		.section	.text.FourDigit74HC595_sendData,"ax",%progbits
  20              		.align	2
  21              		.code	16
  22              		.thumb_func
  23              		.type	FourDigit74HC595_sendData, %function
  24              	FourDigit74HC595_sendData:
  25              	.LFB32:
  26              		.file 1 "main.c"
   1:main.c        **** #include "project.h"
   2:main.c        **** 
   3:main.c        **** static uint8_t LED_NUM[] = {
   4:main.c        ****     0xC0, 0xF9, 0xA4, 0xB0, 0x99, 0x92, 0x82, 0xF8, 
   5:main.c        ****     0x80, 0x90, 0xBF, 0x88, 0x83, 0xC6, 0xA1, 0x86, 
   6:main.c        ****     0x8E, 0x7F
   7:main.c        **** };
   8:main.c        **** 
   9:main.c        **** static void FourDigit74HC595_sendData(uint8_t data) {
  27              		.loc 1 9 0
  28              		.cfi_startproc
  29              		@ args = 0, pretend = 0, frame = 0
  30              		@ frame_needed = 0, uses_anonymous_args = 0
  31              	.LVL0:
  32 0000 70B5     		push	{r4, r5, r6, lr}
  33              		.cfi_def_cfa_offset 16
  34              		.cfi_offset 4, -16
  35              		.cfi_offset 5, -12
  36              		.cfi_offset 6, -8
  37              		.cfi_offset 14, -4
  38 0002 0500     		movs	r5, r0
  39              	.LVL1:
  40              	.LBB2:
  10:main.c        ****     for (uint8_t i = 0; i < 8; i++) {
  41              		.loc 1 10 0
  42 0004 0024     		movs	r4, #0
  43 0006 12E0     		b	.L2
  44              	.LVL2:
  45              	.L5:
  11:main.c        ****         if (data & (0x80 >> i)) {
  46              		.loc 1 11 0
ARM GAS  C:\Users\statm\AppData\Local\Temp\ccrjYWV9.s 			page 2


  47 0008 8023     		movs	r3, #128
  48 000a 2341     		asrs	r3, r3, r4
  49 000c 2B42     		tst	r3, r5
  50 000e 03D0     		beq	.L3
  12:main.c        ****             Pin_DO_Write(1);
  51              		.loc 1 12 0
  52 0010 0120     		movs	r0, #1
  53 0012 FFF7FEFF 		bl	Pin_DO_Write
  54              	.LVL3:
  55 0016 02E0     		b	.L4
  56              	.L3:
  13:main.c        ****         } else {
  14:main.c        ****             Pin_DO_Write(0);
  57              		.loc 1 14 0
  58 0018 0020     		movs	r0, #0
  59 001a FFF7FEFF 		bl	Pin_DO_Write
  60              	.LVL4:
  61              	.L4:
  15:main.c        ****         }
  16:main.c        ****         Pin_CLK_Write(1);
  62              		.loc 1 16 0 discriminator 2
  63 001e 0120     		movs	r0, #1
  64 0020 FFF7FEFF 		bl	Pin_CLK_Write
  65              	.LVL5:
  17:main.c        ****         Pin_CLK_Write(0);
  66              		.loc 1 17 0 discriminator 2
  67 0024 0020     		movs	r0, #0
  68 0026 FFF7FEFF 		bl	Pin_CLK_Write
  69              	.LVL6:
  10:main.c        ****         if (data & (0x80 >> i)) {
  70              		.loc 1 10 0 discriminator 2
  71 002a 0134     		adds	r4, r4, #1
  72              	.LVL7:
  73 002c E4B2     		uxtb	r4, r4
  74              	.LVL8:
  75              	.L2:
  10:main.c        ****         if (data & (0x80 >> i)) {
  76              		.loc 1 10 0 is_stmt 0 discriminator 1
  77 002e 072C     		cmp	r4, #7
  78 0030 EAD9     		bls	.L5
  79              	.LBE2:
  18:main.c        ****     }
  19:main.c        **** }
  80              		.loc 1 19 0 is_stmt 1
  81              		@ sp needed
  82              	.LVL9:
  83 0032 70BD     		pop	{r4, r5, r6, pc}
  84              		.cfi_endproc
  85              	.LFE32:
  86              		.size	FourDigit74HC595_sendData, .-FourDigit74HC595_sendData
  87              		.section	.text.FourDigit74HC595_sendOneDigit,"ax",%progbits
  88              		.align	2
  89              		.code	16
  90              		.thumb_func
  91              		.type	FourDigit74HC595_sendOneDigit, %function
  92              	FourDigit74HC595_sendOneDigit:
  93              	.LFB33:
ARM GAS  C:\Users\statm\AppData\Local\Temp\ccrjYWV9.s 			page 3


  20:main.c        **** 
  21:main.c        **** static void FourDigit74HC595_sendOneDigit(uint8_t position, uint8_t digit, uint8_t dot) {
  94              		.loc 1 21 0
  95              		.cfi_startproc
  96              		@ args = 0, pretend = 0, frame = 0
  97              		@ frame_needed = 0, uses_anonymous_args = 0
  98              	.LVL10:
  99 0000 70B5     		push	{r4, r5, r6, lr}
 100              		.cfi_def_cfa_offset 16
 101              		.cfi_offset 4, -16
 102              		.cfi_offset 5, -12
 103              		.cfi_offset 6, -8
 104              		.cfi_offset 14, -4
 105 0002 0400     		movs	r4, r0
 106 0004 0D00     		movs	r5, r1
 107 0006 1600     		movs	r6, r2
  22:main.c        ****     if (position >= 8) {
 108              		.loc 1 22 0
 109 0008 0728     		cmp	r0, #7
 110 000a 05D9     		bls	.L7
  23:main.c        ****         FourDigit74HC595_sendData(0xFF);
 111              		.loc 1 23 0
 112 000c FF20     		movs	r0, #255
 113              	.LVL11:
 114 000e FFF7FEFF 		bl	FourDigit74HC595_sendData
 115              	.LVL12:
  24:main.c        ****         FourDigit74HC595_sendData(0xFF);
 116              		.loc 1 24 0
 117 0012 FF20     		movs	r0, #255
 118 0014 FFF7FEFF 		bl	FourDigit74HC595_sendData
 119              	.LVL13:
 120              	.L7:
  25:main.c        ****     }
  26:main.c        ****     
  27:main.c        ****     FourDigit74HC595_sendData(0xFF & ~(1 << position));
 121              		.loc 1 27 0
 122 0018 0120     		movs	r0, #1
 123 001a A040     		lsls	r0, r0, r4
 124 001c C043     		mvns	r0, r0
 125 001e C0B2     		uxtb	r0, r0
 126 0020 FFF7FEFF 		bl	FourDigit74HC595_sendData
 127              	.LVL14:
  28:main.c        ****     
  29:main.c        ****     if (dot) {
 128              		.loc 1 29 0
 129 0024 002E     		cmp	r6, #0
 130 0026 06D0     		beq	.L8
  30:main.c        ****         FourDigit74HC595_sendData(LED_NUM[digit] & 0x7F);
 131              		.loc 1 30 0
 132 0028 084B     		ldr	r3, .L10
 133 002a 5B5D     		ldrb	r3, [r3, r5]
 134 002c 7F20     		movs	r0, #127
 135 002e 1840     		ands	r0, r3
 136 0030 FFF7FEFF 		bl	FourDigit74HC595_sendData
 137              	.LVL15:
 138 0034 03E0     		b	.L9
 139              	.L8:
ARM GAS  C:\Users\statm\AppData\Local\Temp\ccrjYWV9.s 			page 4


  31:main.c        ****     } else {
  32:main.c        ****         FourDigit74HC595_sendData(LED_NUM[digit]);
 140              		.loc 1 32 0
 141 0036 054B     		ldr	r3, .L10
 142 0038 585D     		ldrb	r0, [r3, r5]
 143 003a FFF7FEFF 		bl	FourDigit74HC595_sendData
 144              	.LVL16:
 145              	.L9:
  33:main.c        ****     }
  34:main.c        ****     
  35:main.c        ****     Pin_Latch_Write(1);
 146              		.loc 1 35 0
 147 003e 0120     		movs	r0, #1
 148 0040 FFF7FEFF 		bl	Pin_Latch_Write
 149              	.LVL17:
  36:main.c        ****     Pin_Latch_Write(0);
 150              		.loc 1 36 0
 151 0044 0020     		movs	r0, #0
 152 0046 FFF7FEFF 		bl	Pin_Latch_Write
 153              	.LVL18:
  37:main.c        **** }
 154              		.loc 1 37 0
 155              		@ sp needed
 156 004a 70BD     		pop	{r4, r5, r6, pc}
 157              	.L11:
 158              		.align	2
 159              	.L10:
 160 004c 00000000 		.word	.LANCHOR0
 161              		.cfi_endproc
 162              	.LFE33:
 163              		.size	FourDigit74HC595_sendOneDigit, .-FourDigit74HC595_sendOneDigit
 164              		.section	.text.Timer_Int_Handler2,"ax",%progbits
 165              		.align	2
 166              		.global	Timer_Int_Handler2
 167              		.code	16
 168              		.thumb_func
 169              		.type	Timer_Int_Handler2, %function
 170              	Timer_Int_Handler2:
 171              	.LFB35:
  38:main.c        **** 
  39:main.c        **** const uint8_t keyMap[4][3] = {
  40:main.c        ****     {1, 2, 3},
  41:main.c        ****     {4, 5, 6},
  42:main.c        ****     {7, 8, 9},
  43:main.c        ****     {10, 0, 11} 
  44:main.c        **** };
  45:main.c        **** 
  46:main.c        **** uint8_t ScanMatrixKeypad(void) {
  47:main.c        ****     uint8_t row;
  48:main.c        ****     for (row = 0; row < 4; row++) {
  49:main.c        ****         ROW_0_Write(1); 
  50:main.c        ****         ROW_1_Write(1); 
  51:main.c        ****         ROW_2_Write(1); 
  52:main.c        ****         ROW_3_Write(1);
  53:main.c        ****         
  54:main.c        ****         if(row == 0) ROW_0_Write(0);
  55:main.c        ****         if(row == 1) ROW_1_Write(0);
ARM GAS  C:\Users\statm\AppData\Local\Temp\ccrjYWV9.s 			page 5


  56:main.c        ****         if(row == 2) ROW_2_Write(0);
  57:main.c        ****         if(row == 3) ROW_3_Write(0);
  58:main.c        ****         
  59:main.c        ****         CyDelayUs(50);
  60:main.c        ****       
  61:main.c        ****         if (COLUMN_0_Read() == 0) return keyMap[row][0];
  62:main.c        ****         if (COLUMN_1_Read() == 0) return keyMap[row][1];
  63:main.c        ****         if (COLUMN_2_Read() == 0) return keyMap[row][2];
  64:main.c        ****     }
  65:main.c        ****     return 0xFF; 
  66:main.c        **** }
  67:main.c        **** 
  68:main.c        **** // --- ПОЧАТОК КОДУ З ПУНКТУ 5 ---
  69:main.c        **** 
  70:main.c        **** // Змінна для відстеження поточного індикатора (рис. 7)
  71:main.c        **** static uint8_t led_counter = 0;
  72:main.c        **** 
  73:main.c        **** //Обробник переривання таймера 
  74:main.c        **** CY_ISR(Timer_Int_Handler2)
  75:main.c        **** {
 172              		.loc 1 75 0
 173              		.cfi_startproc
 174              		@ args = 0, pretend = 0, frame = 8
 175              		@ frame_needed = 0, uses_anonymous_args = 0
 176 0000 10B5     		push	{r4, lr}
 177              		.cfi_def_cfa_offset 8
 178              		.cfi_offset 4, -8
 179              		.cfi_offset 14, -4
 180 0002 82B0     		sub	sp, sp, #8
 181              		.cfi_def_cfa_offset 16
  76:main.c        ****     uint8_t data[8] = {7, 6, 5, 4, 3, 2, 1, 0};
 182              		.loc 1 76 0
 183 0004 0822     		movs	r2, #8
 184 0006 0B49     		ldr	r1, .L14
 185 0008 1431     		adds	r1, r1, #20
 186 000a 6846     		mov	r0, sp
 187 000c FFF7FEFF 		bl	memcpy
 188              	.LVL19:
  77:main.c        ****     FourDigit74HC595_sendOneDigit(led_counter, data[led_counter], 0);
 189              		.loc 1 77 0
 190 0010 094C     		ldr	r4, .L14+4
 191 0012 2078     		ldrb	r0, [r4]
 192 0014 6B46     		mov	r3, sp
 193 0016 195C     		ldrb	r1, [r3, r0]
 194 0018 0022     		movs	r2, #0
 195 001a FFF7FEFF 		bl	FourDigit74HC595_sendOneDigit
 196              	.LVL20:
  78:main.c        ****     led_counter++;
 197              		.loc 1 78 0
 198 001e 2378     		ldrb	r3, [r4]
 199 0020 0133     		adds	r3, r3, #1
 200 0022 DBB2     		uxtb	r3, r3
 201 0024 2370     		strb	r3, [r4]
  79:main.c        ****     if(led_counter > 7) led_counter = 0;
 202              		.loc 1 79 0
 203 0026 072B     		cmp	r3, #7
 204 0028 02D9     		bls	.L12
ARM GAS  C:\Users\statm\AppData\Local\Temp\ccrjYWV9.s 			page 6


 205              		.loc 1 79 0 is_stmt 0 discriminator 1
 206 002a 0022     		movs	r2, #0
 207 002c 024B     		ldr	r3, .L14+4
 208 002e 1A70     		strb	r2, [r3]
 209              	.L12:
  80:main.c        **** }
 210              		.loc 1 80 0 is_stmt 1
 211 0030 02B0     		add	sp, sp, #8
 212              		@ sp needed
 213 0032 10BD     		pop	{r4, pc}
 214              	.L15:
 215              		.align	2
 216              	.L14:
 217 0034 00000000 		.word	.LANCHOR0
 218 0038 00000000 		.word	.LANCHOR1
 219              		.cfi_endproc
 220              	.LFE35:
 221              		.size	Timer_Int_Handler2, .-Timer_Int_Handler2
 222              		.section	.text.ScanMatrixKeypad,"ax",%progbits
 223              		.align	2
 224              		.global	ScanMatrixKeypad
 225              		.code	16
 226              		.thumb_func
 227              		.type	ScanMatrixKeypad, %function
 228              	ScanMatrixKeypad:
 229              	.LFB34:
  46:main.c        ****     uint8_t row;
 230              		.loc 1 46 0
 231              		.cfi_startproc
 232              		@ args = 0, pretend = 0, frame = 0
 233              		@ frame_needed = 0, uses_anonymous_args = 0
 234 0000 10B5     		push	{r4, lr}
 235              		.cfi_def_cfa_offset 8
 236              		.cfi_offset 4, -8
 237              		.cfi_offset 14, -4
 238              	.LVL21:
  48:main.c        ****         ROW_0_Write(1); 
 239              		.loc 1 48 0
 240 0002 0024     		movs	r4, #0
 241 0004 42E0     		b	.L17
 242              	.LVL22:
 243              	.L26:
  49:main.c        ****         ROW_1_Write(1); 
 244              		.loc 1 49 0
 245 0006 0120     		movs	r0, #1
 246 0008 FFF7FEFF 		bl	ROW_0_Write
 247              	.LVL23:
  50:main.c        ****         ROW_2_Write(1); 
 248              		.loc 1 50 0
 249 000c 0120     		movs	r0, #1
 250 000e FFF7FEFF 		bl	ROW_1_Write
 251              	.LVL24:
  51:main.c        ****         ROW_3_Write(1);
 252              		.loc 1 51 0
 253 0012 0120     		movs	r0, #1
 254 0014 FFF7FEFF 		bl	ROW_2_Write
 255              	.LVL25:
ARM GAS  C:\Users\statm\AppData\Local\Temp\ccrjYWV9.s 			page 7


  52:main.c        ****         
 256              		.loc 1 52 0
 257 0018 0120     		movs	r0, #1
 258 001a FFF7FEFF 		bl	ROW_3_Write
 259              	.LVL26:
  54:main.c        ****         if(row == 1) ROW_1_Write(0);
 260              		.loc 1 54 0
 261 001e 002C     		cmp	r4, #0
 262 0020 02D1     		bne	.L18
  54:main.c        ****         if(row == 1) ROW_1_Write(0);
 263              		.loc 1 54 0 is_stmt 0 discriminator 1
 264 0022 0020     		movs	r0, #0
 265 0024 FFF7FEFF 		bl	ROW_0_Write
 266              	.LVL27:
 267              	.L18:
  55:main.c        ****         if(row == 2) ROW_2_Write(0);
 268              		.loc 1 55 0 is_stmt 1
 269 0028 012C     		cmp	r4, #1
 270 002a 02D1     		bne	.L19
  55:main.c        ****         if(row == 2) ROW_2_Write(0);
 271              		.loc 1 55 0 is_stmt 0 discriminator 1
 272 002c 0020     		movs	r0, #0
 273 002e FFF7FEFF 		bl	ROW_1_Write
 274              	.LVL28:
 275              	.L19:
  56:main.c        ****         if(row == 3) ROW_3_Write(0);
 276              		.loc 1 56 0 is_stmt 1
 277 0032 022C     		cmp	r4, #2
 278 0034 02D1     		bne	.L20
  56:main.c        ****         if(row == 3) ROW_3_Write(0);
 279              		.loc 1 56 0 is_stmt 0 discriminator 1
 280 0036 0020     		movs	r0, #0
 281 0038 FFF7FEFF 		bl	ROW_2_Write
 282              	.LVL29:
 283              	.L20:
  57:main.c        ****         
 284              		.loc 1 57 0 is_stmt 1
 285 003c 032C     		cmp	r4, #3
 286 003e 02D1     		bne	.L21
  57:main.c        ****         
 287              		.loc 1 57 0 is_stmt 0 discriminator 1
 288 0040 0020     		movs	r0, #0
 289 0042 FFF7FEFF 		bl	ROW_3_Write
 290              	.LVL30:
 291              	.L21:
  59:main.c        ****       
 292              		.loc 1 59 0 is_stmt 1
 293 0046 3220     		movs	r0, #50
 294 0048 FFF7FEFF 		bl	CyDelayUs
 295              	.LVL31:
  61:main.c        ****         if (COLUMN_1_Read() == 0) return keyMap[row][1];
 296              		.loc 1 61 0
 297 004c FFF7FEFF 		bl	COLUMN_0_Read
 298              	.LVL32:
 299 0050 0028     		cmp	r0, #0
 300 0052 05D1     		bne	.L22
  61:main.c        ****         if (COLUMN_1_Read() == 0) return keyMap[row][1];
ARM GAS  C:\Users\statm\AppData\Local\Temp\ccrjYWV9.s 			page 8


 301              		.loc 1 61 0 is_stmt 0 discriminator 1
 302 0054 6300     		lsls	r3, r4, #1
 303 0056 1C19     		adds	r4, r3, r4
 304              	.LVL33:
 305 0058 0E4B     		ldr	r3, .L27
 306 005a 1C19     		adds	r4, r3, r4
 307 005c 207F     		ldrb	r0, [r4, #28]
 308 005e 18E0     		b	.L23
 309              	.LVL34:
 310              	.L22:
  62:main.c        ****         if (COLUMN_2_Read() == 0) return keyMap[row][2];
 311              		.loc 1 62 0 is_stmt 1
 312 0060 FFF7FEFF 		bl	COLUMN_1_Read
 313              	.LVL35:
 314 0064 0028     		cmp	r0, #0
 315 0066 05D1     		bne	.L24
  62:main.c        ****         if (COLUMN_2_Read() == 0) return keyMap[row][2];
 316              		.loc 1 62 0 is_stmt 0 discriminator 1
 317 0068 6300     		lsls	r3, r4, #1
 318 006a 1C19     		adds	r4, r3, r4
 319              	.LVL36:
 320 006c 094B     		ldr	r3, .L27
 321 006e 1C19     		adds	r4, r3, r4
 322 0070 607F     		ldrb	r0, [r4, #29]
 323 0072 0EE0     		b	.L23
 324              	.LVL37:
 325              	.L24:
  63:main.c        ****     }
 326              		.loc 1 63 0 is_stmt 1
 327 0074 FFF7FEFF 		bl	COLUMN_2_Read
 328              	.LVL38:
 329 0078 0028     		cmp	r0, #0
 330 007a 05D1     		bne	.L25
  63:main.c        ****     }
 331              		.loc 1 63 0 is_stmt 0 discriminator 1
 332 007c 6300     		lsls	r3, r4, #1
 333 007e 1C19     		adds	r4, r3, r4
 334              	.LVL39:
 335 0080 044B     		ldr	r3, .L27
 336 0082 1C19     		adds	r4, r3, r4
 337 0084 A07F     		ldrb	r0, [r4, #30]
 338 0086 04E0     		b	.L23
 339              	.LVL40:
 340              	.L25:
  48:main.c        ****         ROW_0_Write(1); 
 341              		.loc 1 48 0 is_stmt 1 discriminator 2
 342 0088 0134     		adds	r4, r4, #1
 343              	.LVL41:
 344 008a E4B2     		uxtb	r4, r4
 345              	.LVL42:
 346              	.L17:
  48:main.c        ****         ROW_0_Write(1); 
 347              		.loc 1 48 0 is_stmt 0 discriminator 1
 348 008c 032C     		cmp	r4, #3
 349 008e BAD9     		bls	.L26
  65:main.c        **** }
 350              		.loc 1 65 0 is_stmt 1
ARM GAS  C:\Users\statm\AppData\Local\Temp\ccrjYWV9.s 			page 9


 351 0090 FF20     		movs	r0, #255
 352              	.LVL43:
 353              	.L23:
  66:main.c        **** 
 354              		.loc 1 66 0
 355              		@ sp needed
 356 0092 10BD     		pop	{r4, pc}
 357              	.L28:
 358              		.align	2
 359              	.L27:
 360 0094 00000000 		.word	.LANCHOR0
 361              		.cfi_endproc
 362              	.LFE34:
 363              		.size	ScanMatrixKeypad, .-ScanMatrixKeypad
 364              		.section	.text.main,"ax",%progbits
 365              		.align	2
 366              		.global	main
 367              		.code	16
 368              		.thumb_func
 369              		.type	main, %function
 370              	main:
 371              	.LFB36:
  81:main.c        **** 
  82:main.c        **** int main(void)
  83:main.c        **** {
 372              		.loc 1 83 0
 373              		.cfi_startproc
 374              		@ Volatile: function does not return.
 375              		@ args = 0, pretend = 0, frame = 0
 376              		@ frame_needed = 0, uses_anonymous_args = 0
 377 0000 10B5     		push	{r4, lr}
 378              		.cfi_def_cfa_offset 8
 379              		.cfi_offset 4, -8
 380              		.cfi_offset 14, -4
  84:main.c        ****     CyGlobalIntEnable;
 381              		.loc 1 84 0
 382              		.syntax divided
 383              	@ 84 "main.c" 1
 384 0002 62B6     		CPSIE   i
 385              	@ 0 "" 2
  85:main.c        **** 
  86:main.c        ****     // Запускаємо таймер
  87:main.c        ****     Timer_Start();
 386              		.loc 1 87 0
 387              		.thumb
 388              		.syntax unified
 389 0004 FFF7FEFF 		bl	Timer_Start
 390              	.LVL44:
  88:main.c        ****     
  89:main.c        ****     // Запускаємо обробник переривання
  90:main.c        ****     Timer_Int_StartEx(Timer_Int_Handler2);
 391              		.loc 1 90 0
 392 0008 0148     		ldr	r0, .L31
 393 000a FFF7FEFF 		bl	Timer_Int_StartEx
 394              	.LVL45:
 395              	.L30:
 396 000e FEE7     		b	.L30
ARM GAS  C:\Users\statm\AppData\Local\Temp\ccrjYWV9.s 			page 10


 397              	.L32:
 398              		.align	2
 399              	.L31:
 400 0010 00000000 		.word	Timer_Int_Handler2
 401              		.cfi_endproc
 402              	.LFE36:
 403              		.size	main, .-main
 404              		.global	keyMap
 405              		.section	.rodata
 406              		.align	2
 407              		.set	.LANCHOR0,. + 0
 408              		.type	LED_NUM, %object
 409              		.size	LED_NUM, 18
 410              	LED_NUM:
 411 0000 C0       		.byte	-64
 412 0001 F9       		.byte	-7
 413 0002 A4       		.byte	-92
 414 0003 B0       		.byte	-80
 415 0004 99       		.byte	-103
 416 0005 92       		.byte	-110
 417 0006 82       		.byte	-126
 418 0007 F8       		.byte	-8
 419 0008 80       		.byte	-128
 420 0009 90       		.byte	-112
 421 000a BF       		.byte	-65
 422 000b 88       		.byte	-120
 423 000c 83       		.byte	-125
 424 000d C6       		.byte	-58
 425 000e A1       		.byte	-95
 426 000f 86       		.byte	-122
 427 0010 8E       		.byte	-114
 428 0011 7F       		.byte	127
 429 0012 0000     		.space	2
 430              	.LC0:
 431 0014 07       		.byte	7
 432 0015 06       		.byte	6
 433 0016 05       		.byte	5
 434 0017 04       		.byte	4
 435 0018 03       		.byte	3
 436 0019 02       		.byte	2
 437 001a 01       		.byte	1
 438 001b 00       		.byte	0
 439              		.type	keyMap, %object
 440              		.size	keyMap, 12
 441              	keyMap:
 442 001c 01       		.byte	1
 443 001d 02       		.byte	2
 444 001e 03       		.byte	3
 445 001f 04       		.byte	4
 446 0020 05       		.byte	5
 447 0021 06       		.byte	6
 448 0022 07       		.byte	7
 449 0023 08       		.byte	8
 450 0024 09       		.byte	9
 451 0025 0A       		.byte	10
 452 0026 00       		.byte	0
 453 0027 0B       		.byte	11
ARM GAS  C:\Users\statm\AppData\Local\Temp\ccrjYWV9.s 			page 11


 454              		.bss
 455              		.set	.LANCHOR1,. + 0
 456              		.type	led_counter, %object
 457              		.size	led_counter, 1
 458              	led_counter:
 459 0000 00       		.space	1
 460              		.text
 461              	.Letext0:
 462              		.file 2 "e:\\psoc creator\\4.4\\psoc creator\\import\\gnu\\arm\\5.4.1\\arm-none-eabi\\include\\mac
 463              		.file 3 "e:\\psoc creator\\4.4\\psoc creator\\import\\gnu\\arm\\5.4.1\\arm-none-eabi\\include\\sys
 464              		.file 4 "Generated_Source\\PSoC4/Pin_DO.h"
 465              		.file 5 "Generated_Source\\PSoC4/Pin_CLK.h"
 466              		.file 6 "Generated_Source\\PSoC4/Pin_Latch.h"
 467              		.file 7 "Generated_Source\\PSoC4/ROW_0.h"
 468              		.file 8 "Generated_Source\\PSoC4/ROW_1.h"
 469              		.file 9 "Generated_Source\\PSoC4/ROW_2.h"
 470              		.file 10 "Generated_Source\\PSoC4/ROW_3.h"
 471              		.file 11 "Generated_Source\\PSoC4/CyLib.h"
 472              		.file 12 "Generated_Source\\PSoC4/COLUMN_0.h"
 473              		.file 13 "Generated_Source\\PSoC4/COLUMN_1.h"
 474              		.file 14 "Generated_Source\\PSoC4/COLUMN_2.h"
 475              		.file 15 "Generated_Source\\PSoC4/Timer.h"
 476              		.file 16 "Generated_Source\\PSoC4/Timer_Int.h"
 477              		.section	.debug_info,"",%progbits
 478              	.Ldebug_info0:
 479 0000 97040000 		.4byte	0x497
 480 0004 0400     		.2byte	0x4
 481 0006 00000000 		.4byte	.Ldebug_abbrev0
 482 000a 04       		.byte	0x4
 483 000b 01       		.uleb128 0x1
 484 000c 7F010000 		.4byte	.LASF36
 485 0010 0C       		.byte	0xc
 486 0011 42020000 		.4byte	.LASF37
 487 0015 24000000 		.4byte	.LASF38
 488 0019 00000000 		.4byte	.Ldebug_ranges0+0
 489 001d 00000000 		.4byte	0
 490 0021 00000000 		.4byte	.Ldebug_line0
 491 0025 02       		.uleb128 0x2
 492 0026 01       		.byte	0x1
 493 0027 06       		.byte	0x6
 494 0028 A7020000 		.4byte	.LASF0
 495 002c 03       		.uleb128 0x3
 496 002d 1A000000 		.4byte	.LASF9
 497 0031 02       		.byte	0x2
 498 0032 1D       		.byte	0x1d
 499 0033 37000000 		.4byte	0x37
 500 0037 02       		.uleb128 0x2
 501 0038 01       		.byte	0x1
 502 0039 08       		.byte	0x8
 503 003a BD000000 		.4byte	.LASF1
 504 003e 02       		.uleb128 0x2
 505 003f 02       		.byte	0x2
 506 0040 05       		.byte	0x5
 507 0041 6A020000 		.4byte	.LASF2
 508 0045 02       		.uleb128 0x2
 509 0046 02       		.byte	0x2
 510 0047 07       		.byte	0x7
ARM GAS  C:\Users\statm\AppData\Local\Temp\ccrjYWV9.s 			page 12


 511 0048 EE000000 		.4byte	.LASF3
 512 004c 02       		.uleb128 0x2
 513 004d 04       		.byte	0x4
 514 004e 05       		.byte	0x5
 515 004f 86020000 		.4byte	.LASF4
 516 0053 02       		.uleb128 0x2
 517 0054 04       		.byte	0x4
 518 0055 07       		.byte	0x7
 519 0056 DC000000 		.4byte	.LASF5
 520 005a 02       		.uleb128 0x2
 521 005b 08       		.byte	0x8
 522 005c 05       		.byte	0x5
 523 005d 34020000 		.4byte	.LASF6
 524 0061 02       		.uleb128 0x2
 525 0062 08       		.byte	0x8
 526 0063 07       		.byte	0x7
 527 0064 60010000 		.4byte	.LASF7
 528 0068 04       		.uleb128 0x4
 529 0069 04       		.byte	0x4
 530 006a 05       		.byte	0x5
 531 006b 696E7400 		.ascii	"int\000"
 532 006f 02       		.uleb128 0x2
 533 0070 04       		.byte	0x4
 534 0071 07       		.byte	0x7
 535 0072 4D010000 		.4byte	.LASF8
 536 0076 03       		.uleb128 0x3
 537 0077 77010000 		.4byte	.LASF10
 538 007b 03       		.byte	0x3
 539 007c 18       		.byte	0x18
 540 007d 2C000000 		.4byte	0x2c
 541 0081 02       		.uleb128 0x2
 542 0082 04       		.byte	0x4
 543 0083 04       		.byte	0x4
 544 0084 A4000000 		.4byte	.LASF11
 545 0088 02       		.uleb128 0x2
 546 0089 08       		.byte	0x8
 547 008a 04       		.byte	0x4
 548 008b 0F010000 		.4byte	.LASF12
 549 008f 02       		.uleb128 0x2
 550 0090 01       		.byte	0x1
 551 0091 08       		.byte	0x8
 552 0092 49020000 		.4byte	.LASF13
 553 0096 02       		.uleb128 0x2
 554 0097 08       		.byte	0x8
 555 0098 04       		.byte	0x4
 556 0099 9B020000 		.4byte	.LASF14
 557 009d 02       		.uleb128 0x2
 558 009e 04       		.byte	0x4
 559 009f 07       		.byte	0x7
 560 00a0 0D020000 		.4byte	.LASF15
 561 00a4 05       		.uleb128 0x5
 562 00a5 BF020000 		.4byte	.LASF16
 563 00a9 01       		.byte	0x1
 564 00aa 09       		.byte	0x9
 565 00ab 00000000 		.4byte	.LFB32
 566 00af 34000000 		.4byte	.LFE32-.LFB32
 567 00b3 01       		.uleb128 0x1
ARM GAS  C:\Users\statm\AppData\Local\Temp\ccrjYWV9.s 			page 13


 568 00b4 9C       		.byte	0x9c
 569 00b5 28010000 		.4byte	0x128
 570 00b9 06       		.uleb128 0x6
 571 00ba AA000000 		.4byte	.LASF18
 572 00be 01       		.byte	0x1
 573 00bf 09       		.byte	0x9
 574 00c0 76000000 		.4byte	0x76
 575 00c4 00000000 		.4byte	.LLST0
 576 00c8 07       		.uleb128 0x7
 577 00c9 04000000 		.4byte	.LBB2
 578 00cd 2E000000 		.4byte	.LBE2-.LBB2
 579 00d1 08       		.uleb128 0x8
 580 00d2 6900     		.ascii	"i\000"
 581 00d4 01       		.byte	0x1
 582 00d5 0A       		.byte	0xa
 583 00d6 76000000 		.4byte	0x76
 584 00da 21000000 		.4byte	.LLST1
 585 00de 09       		.uleb128 0x9
 586 00df 16000000 		.4byte	.LVL3
 587 00e3 02040000 		.4byte	0x402
 588 00e7 F1000000 		.4byte	0xf1
 589 00eb 0A       		.uleb128 0xa
 590 00ec 01       		.uleb128 0x1
 591 00ed 50       		.byte	0x50
 592 00ee 01       		.uleb128 0x1
 593 00ef 31       		.byte	0x31
 594 00f0 00       		.byte	0
 595 00f1 09       		.uleb128 0x9
 596 00f2 1E000000 		.4byte	.LVL4
 597 00f6 02040000 		.4byte	0x402
 598 00fa 04010000 		.4byte	0x104
 599 00fe 0A       		.uleb128 0xa
 600 00ff 01       		.uleb128 0x1
 601 0100 50       		.byte	0x50
 602 0101 01       		.uleb128 0x1
 603 0102 30       		.byte	0x30
 604 0103 00       		.byte	0
 605 0104 09       		.uleb128 0x9
 606 0105 24000000 		.4byte	.LVL5
 607 0109 0D040000 		.4byte	0x40d
 608 010d 17010000 		.4byte	0x117
 609 0111 0A       		.uleb128 0xa
 610 0112 01       		.uleb128 0x1
 611 0113 50       		.byte	0x50
 612 0114 01       		.uleb128 0x1
 613 0115 31       		.byte	0x31
 614 0116 00       		.byte	0
 615 0117 0B       		.uleb128 0xb
 616 0118 2A000000 		.4byte	.LVL6
 617 011c 0D040000 		.4byte	0x40d
 618 0120 0A       		.uleb128 0xa
 619 0121 01       		.uleb128 0x1
 620 0122 50       		.byte	0x50
 621 0123 01       		.uleb128 0x1
 622 0124 30       		.byte	0x30
 623 0125 00       		.byte	0
 624 0126 00       		.byte	0
ARM GAS  C:\Users\statm\AppData\Local\Temp\ccrjYWV9.s 			page 14


 625 0127 00       		.byte	0
 626 0128 05       		.uleb128 0x5
 627 0129 16020000 		.4byte	.LASF17
 628 012d 01       		.byte	0x1
 629 012e 15       		.byte	0x15
 630 012f 00000000 		.4byte	.LFB33
 631 0133 50000000 		.4byte	.LFE33-.LFB33
 632 0137 01       		.uleb128 0x1
 633 0138 9C       		.byte	0x9c
 634 0139 0F020000 		.4byte	0x20f
 635 013d 06       		.uleb128 0x6
 636 013e 25010000 		.4byte	.LASF19
 637 0142 01       		.byte	0x1
 638 0143 15       		.byte	0x15
 639 0144 76000000 		.4byte	0x76
 640 0148 4B000000 		.4byte	.LLST2
 641 014c 06       		.uleb128 0x6
 642 014d 5A010000 		.4byte	.LASF20
 643 0151 01       		.byte	0x1
 644 0152 15       		.byte	0x15
 645 0153 76000000 		.4byte	0x76
 646 0157 6C000000 		.4byte	.LLST3
 647 015b 0C       		.uleb128 0xc
 648 015c 646F7400 		.ascii	"dot\000"
 649 0160 01       		.byte	0x1
 650 0161 15       		.byte	0x15
 651 0162 76000000 		.4byte	0x76
 652 0166 8D000000 		.4byte	.LLST4
 653 016a 09       		.uleb128 0x9
 654 016b 12000000 		.4byte	.LVL12
 655 016f A4000000 		.4byte	0xa4
 656 0173 7E010000 		.4byte	0x17e
 657 0177 0A       		.uleb128 0xa
 658 0178 01       		.uleb128 0x1
 659 0179 50       		.byte	0x50
 660 017a 02       		.uleb128 0x2
 661 017b 09       		.byte	0x9
 662 017c FF       		.byte	0xff
 663 017d 00       		.byte	0
 664 017e 09       		.uleb128 0x9
 665 017f 18000000 		.4byte	.LVL13
 666 0183 A4000000 		.4byte	0xa4
 667 0187 92010000 		.4byte	0x192
 668 018b 0A       		.uleb128 0xa
 669 018c 01       		.uleb128 0x1
 670 018d 50       		.byte	0x50
 671 018e 02       		.uleb128 0x2
 672 018f 09       		.byte	0x9
 673 0190 FF       		.byte	0xff
 674 0191 00       		.byte	0
 675 0192 09       		.uleb128 0x9
 676 0193 24000000 		.4byte	.LVL14
 677 0197 A4000000 		.4byte	0xa4
 678 019b B1010000 		.4byte	0x1b1
 679 019f 0A       		.uleb128 0xa
 680 01a0 01       		.uleb128 0x1
 681 01a1 50       		.byte	0x50
ARM GAS  C:\Users\statm\AppData\Local\Temp\ccrjYWV9.s 			page 15


 682 01a2 0D       		.uleb128 0xd
 683 01a3 09       		.byte	0x9
 684 01a4 FE       		.byte	0xfe
 685 01a5 74       		.byte	0x74
 686 01a6 00       		.sleb128 0
 687 01a7 14       		.byte	0x14
 688 01a8 14       		.byte	0x14
 689 01a9 24       		.byte	0x24
 690 01aa 17       		.byte	0x17
 691 01ab 1F       		.byte	0x1f
 692 01ac 23       		.byte	0x23
 693 01ad 20       		.uleb128 0x20
 694 01ae 25       		.byte	0x25
 695 01af 21       		.byte	0x21
 696 01b0 00       		.byte	0
 697 01b1 09       		.uleb128 0x9
 698 01b2 34000000 		.4byte	.LVL15
 699 01b6 A4000000 		.4byte	0xa4
 700 01ba D0010000 		.4byte	0x1d0
 701 01be 0A       		.uleb128 0xa
 702 01bf 01       		.uleb128 0x1
 703 01c0 50       		.byte	0x50
 704 01c1 0D       		.uleb128 0xd
 705 01c2 75       		.byte	0x75
 706 01c3 00       		.sleb128 0
 707 01c4 03       		.byte	0x3
 708 01c5 00000000 		.4byte	.LANCHOR0
 709 01c9 22       		.byte	0x22
 710 01ca 94       		.byte	0x94
 711 01cb 01       		.byte	0x1
 712 01cc 08       		.byte	0x8
 713 01cd 7F       		.byte	0x7f
 714 01ce 1A       		.byte	0x1a
 715 01cf 00       		.byte	0
 716 01d0 09       		.uleb128 0x9
 717 01d1 3E000000 		.4byte	.LVL16
 718 01d5 A4000000 		.4byte	0xa4
 719 01d9 EC010000 		.4byte	0x1ec
 720 01dd 0A       		.uleb128 0xa
 721 01de 01       		.uleb128 0x1
 722 01df 50       		.byte	0x50
 723 01e0 0A       		.uleb128 0xa
 724 01e1 75       		.byte	0x75
 725 01e2 00       		.sleb128 0
 726 01e3 03       		.byte	0x3
 727 01e4 00000000 		.4byte	.LANCHOR0
 728 01e8 22       		.byte	0x22
 729 01e9 94       		.byte	0x94
 730 01ea 01       		.byte	0x1
 731 01eb 00       		.byte	0
 732 01ec 09       		.uleb128 0x9
 733 01ed 44000000 		.4byte	.LVL17
 734 01f1 18040000 		.4byte	0x418
 735 01f5 FF010000 		.4byte	0x1ff
 736 01f9 0A       		.uleb128 0xa
 737 01fa 01       		.uleb128 0x1
 738 01fb 50       		.byte	0x50
ARM GAS  C:\Users\statm\AppData\Local\Temp\ccrjYWV9.s 			page 16


 739 01fc 01       		.uleb128 0x1
 740 01fd 31       		.byte	0x31
 741 01fe 00       		.byte	0
 742 01ff 0B       		.uleb128 0xb
 743 0200 4A000000 		.4byte	.LVL18
 744 0204 18040000 		.4byte	0x418
 745 0208 0A       		.uleb128 0xa
 746 0209 01       		.uleb128 0x1
 747 020a 50       		.byte	0x50
 748 020b 01       		.uleb128 0x1
 749 020c 30       		.byte	0x30
 750 020d 00       		.byte	0
 751 020e 00       		.byte	0
 752 020f 0D       		.uleb128 0xd
 753 0210 3A010000 		.4byte	.LASF39
 754 0214 01       		.byte	0x1
 755 0215 4A       		.byte	0x4a
 756 0216 00000000 		.4byte	.LFB35
 757 021a 3C000000 		.4byte	.LFE35-.LFB35
 758 021e 01       		.uleb128 0x1
 759 021f 9C       		.byte	0x9c
 760 0220 64020000 		.4byte	0x264
 761 0224 0E       		.uleb128 0xe
 762 0225 AA000000 		.4byte	.LASF18
 763 0229 01       		.byte	0x1
 764 022a 4C       		.byte	0x4c
 765 022b 64020000 		.4byte	0x264
 766 022f 02       		.uleb128 0x2
 767 0230 91       		.byte	0x91
 768 0231 70       		.sleb128 -16
 769 0232 09       		.uleb128 0x9
 770 0233 10000000 		.4byte	.LVL19
 771 0237 23040000 		.4byte	0x423
 772 023b 54020000 		.4byte	0x254
 773 023f 0A       		.uleb128 0xa
 774 0240 01       		.uleb128 0x1
 775 0241 50       		.byte	0x50
 776 0242 02       		.uleb128 0x2
 777 0243 7D       		.byte	0x7d
 778 0244 00       		.sleb128 0
 779 0245 0A       		.uleb128 0xa
 780 0246 01       		.uleb128 0x1
 781 0247 51       		.byte	0x51
 782 0248 05       		.uleb128 0x5
 783 0249 03       		.byte	0x3
 784 024a 14000000 		.4byte	.LANCHOR0+20
 785 024e 0A       		.uleb128 0xa
 786 024f 01       		.uleb128 0x1
 787 0250 52       		.byte	0x52
 788 0251 01       		.uleb128 0x1
 789 0252 38       		.byte	0x38
 790 0253 00       		.byte	0
 791 0254 0B       		.uleb128 0xb
 792 0255 1E000000 		.4byte	.LVL20
 793 0259 28010000 		.4byte	0x128
 794 025d 0A       		.uleb128 0xa
 795 025e 01       		.uleb128 0x1
ARM GAS  C:\Users\statm\AppData\Local\Temp\ccrjYWV9.s 			page 17


 796 025f 52       		.byte	0x52
 797 0260 01       		.uleb128 0x1
 798 0261 30       		.byte	0x30
 799 0262 00       		.byte	0
 800 0263 00       		.byte	0
 801 0264 0F       		.uleb128 0xf
 802 0265 76000000 		.4byte	0x76
 803 0269 74020000 		.4byte	0x274
 804 026d 10       		.uleb128 0x10
 805 026e 9D000000 		.4byte	0x9d
 806 0272 07       		.byte	0x7
 807 0273 00       		.byte	0
 808 0274 11       		.uleb128 0x11
 809 0275 CB000000 		.4byte	.LASF40
 810 0279 01       		.byte	0x1
 811 027a 2E       		.byte	0x2e
 812 027b 76000000 		.4byte	0x76
 813 027f 00000000 		.4byte	.LFB34
 814 0283 98000000 		.4byte	.LFE34-.LFB34
 815 0287 01       		.uleb128 0x1
 816 0288 9C       		.byte	0x9c
 817 0289 64030000 		.4byte	0x364
 818 028d 08       		.uleb128 0x8
 819 028e 726F7700 		.ascii	"row\000"
 820 0292 01       		.byte	0x1
 821 0293 2F       		.byte	0x2f
 822 0294 76000000 		.4byte	0x76
 823 0298 AE000000 		.4byte	.LLST5
 824 029c 09       		.uleb128 0x9
 825 029d 0C000000 		.4byte	.LVL23
 826 02a1 2C040000 		.4byte	0x42c
 827 02a5 AF020000 		.4byte	0x2af
 828 02a9 0A       		.uleb128 0xa
 829 02aa 01       		.uleb128 0x1
 830 02ab 50       		.byte	0x50
 831 02ac 01       		.uleb128 0x1
 832 02ad 31       		.byte	0x31
 833 02ae 00       		.byte	0
 834 02af 09       		.uleb128 0x9
 835 02b0 12000000 		.4byte	.LVL24
 836 02b4 37040000 		.4byte	0x437
 837 02b8 C2020000 		.4byte	0x2c2
 838 02bc 0A       		.uleb128 0xa
 839 02bd 01       		.uleb128 0x1
 840 02be 50       		.byte	0x50
 841 02bf 01       		.uleb128 0x1
 842 02c0 31       		.byte	0x31
 843 02c1 00       		.byte	0
 844 02c2 09       		.uleb128 0x9
 845 02c3 18000000 		.4byte	.LVL25
 846 02c7 42040000 		.4byte	0x442
 847 02cb D5020000 		.4byte	0x2d5
 848 02cf 0A       		.uleb128 0xa
 849 02d0 01       		.uleb128 0x1
 850 02d1 50       		.byte	0x50
 851 02d2 01       		.uleb128 0x1
 852 02d3 31       		.byte	0x31
ARM GAS  C:\Users\statm\AppData\Local\Temp\ccrjYWV9.s 			page 18


 853 02d4 00       		.byte	0
 854 02d5 09       		.uleb128 0x9
 855 02d6 1E000000 		.4byte	.LVL26
 856 02da 4D040000 		.4byte	0x44d
 857 02de E8020000 		.4byte	0x2e8
 858 02e2 0A       		.uleb128 0xa
 859 02e3 01       		.uleb128 0x1
 860 02e4 50       		.byte	0x50
 861 02e5 01       		.uleb128 0x1
 862 02e6 31       		.byte	0x31
 863 02e7 00       		.byte	0
 864 02e8 09       		.uleb128 0x9
 865 02e9 28000000 		.4byte	.LVL27
 866 02ed 2C040000 		.4byte	0x42c
 867 02f1 FB020000 		.4byte	0x2fb
 868 02f5 0A       		.uleb128 0xa
 869 02f6 01       		.uleb128 0x1
 870 02f7 50       		.byte	0x50
 871 02f8 01       		.uleb128 0x1
 872 02f9 30       		.byte	0x30
 873 02fa 00       		.byte	0
 874 02fb 09       		.uleb128 0x9
 875 02fc 32000000 		.4byte	.LVL28
 876 0300 37040000 		.4byte	0x437
 877 0304 0E030000 		.4byte	0x30e
 878 0308 0A       		.uleb128 0xa
 879 0309 01       		.uleb128 0x1
 880 030a 50       		.byte	0x50
 881 030b 01       		.uleb128 0x1
 882 030c 30       		.byte	0x30
 883 030d 00       		.byte	0
 884 030e 09       		.uleb128 0x9
 885 030f 3C000000 		.4byte	.LVL29
 886 0313 42040000 		.4byte	0x442
 887 0317 21030000 		.4byte	0x321
 888 031b 0A       		.uleb128 0xa
 889 031c 01       		.uleb128 0x1
 890 031d 50       		.byte	0x50
 891 031e 01       		.uleb128 0x1
 892 031f 30       		.byte	0x30
 893 0320 00       		.byte	0
 894 0321 09       		.uleb128 0x9
 895 0322 46000000 		.4byte	.LVL30
 896 0326 4D040000 		.4byte	0x44d
 897 032a 34030000 		.4byte	0x334
 898 032e 0A       		.uleb128 0xa
 899 032f 01       		.uleb128 0x1
 900 0330 50       		.byte	0x50
 901 0331 01       		.uleb128 0x1
 902 0332 30       		.byte	0x30
 903 0333 00       		.byte	0
 904 0334 09       		.uleb128 0x9
 905 0335 4C000000 		.4byte	.LVL31
 906 0339 58040000 		.4byte	0x458
 907 033d 48030000 		.4byte	0x348
 908 0341 0A       		.uleb128 0xa
 909 0342 01       		.uleb128 0x1
ARM GAS  C:\Users\statm\AppData\Local\Temp\ccrjYWV9.s 			page 19


 910 0343 50       		.byte	0x50
 911 0344 02       		.uleb128 0x2
 912 0345 08       		.byte	0x8
 913 0346 32       		.byte	0x32
 914 0347 00       		.byte	0
 915 0348 12       		.uleb128 0x12
 916 0349 50000000 		.4byte	.LVL32
 917 034d 63040000 		.4byte	0x463
 918 0351 12       		.uleb128 0x12
 919 0352 64000000 		.4byte	.LVL35
 920 0356 6E040000 		.4byte	0x46e
 921 035a 12       		.uleb128 0x12
 922 035b 78000000 		.4byte	.LVL38
 923 035f 79040000 		.4byte	0x479
 924 0363 00       		.byte	0
 925 0364 13       		.uleb128 0x13
 926 0365 16010000 		.4byte	.LASF41
 927 0369 01       		.byte	0x1
 928 036a 52       		.byte	0x52
 929 036b 68000000 		.4byte	0x68
 930 036f 00000000 		.4byte	.LFB36
 931 0373 14000000 		.4byte	.LFE36-.LFB36
 932 0377 01       		.uleb128 0x1
 933 0378 9C       		.byte	0x9c
 934 0379 9A030000 		.4byte	0x39a
 935 037d 12       		.uleb128 0x12
 936 037e 08000000 		.4byte	.LVL44
 937 0382 84040000 		.4byte	0x484
 938 0386 0B       		.uleb128 0xb
 939 0387 0E000000 		.4byte	.LVL45
 940 038b 8F040000 		.4byte	0x48f
 941 038f 0A       		.uleb128 0xa
 942 0390 01       		.uleb128 0x1
 943 0391 50       		.byte	0x50
 944 0392 05       		.uleb128 0x5
 945 0393 03       		.byte	0x3
 946 0394 00000000 		.4byte	Timer_Int_Handler2
 947 0398 00       		.byte	0
 948 0399 00       		.byte	0
 949 039a 0F       		.uleb128 0xf
 950 039b 76000000 		.4byte	0x76
 951 039f AA030000 		.4byte	0x3aa
 952 03a3 10       		.uleb128 0x10
 953 03a4 9D000000 		.4byte	0x9d
 954 03a8 11       		.byte	0x11
 955 03a9 00       		.byte	0
 956 03aa 0E       		.uleb128 0xe
 957 03ab 4E020000 		.4byte	.LASF21
 958 03af 01       		.byte	0x1
 959 03b0 03       		.byte	0x3
 960 03b1 BB030000 		.4byte	0x3bb
 961 03b5 05       		.uleb128 0x5
 962 03b6 03       		.byte	0x3
 963 03b7 00000000 		.4byte	LED_NUM
 964 03bb 14       		.uleb128 0x14
 965 03bc 9A030000 		.4byte	0x39a
 966 03c0 0E       		.uleb128 0xe
ARM GAS  C:\Users\statm\AppData\Local\Temp\ccrjYWV9.s 			page 20


 967 03c1 8F020000 		.4byte	.LASF22
 968 03c5 01       		.byte	0x1
 969 03c6 47       		.byte	0x47
 970 03c7 76000000 		.4byte	0x76
 971 03cb 05       		.uleb128 0x5
 972 03cc 03       		.byte	0x3
 973 03cd 00000000 		.4byte	led_counter
 974 03d1 0F       		.uleb128 0xf
 975 03d2 E7030000 		.4byte	0x3e7
 976 03d6 E7030000 		.4byte	0x3e7
 977 03da 10       		.uleb128 0x10
 978 03db 9D000000 		.4byte	0x9d
 979 03df 03       		.byte	0x3
 980 03e0 10       		.uleb128 0x10
 981 03e1 9D000000 		.4byte	0x9d
 982 03e5 02       		.byte	0x2
 983 03e6 00       		.byte	0
 984 03e7 14       		.uleb128 0x14
 985 03e8 76000000 		.4byte	0x76
 986 03ec 15       		.uleb128 0x15
 987 03ed D9020000 		.4byte	.LASF42
 988 03f1 01       		.byte	0x1
 989 03f2 27       		.byte	0x27
 990 03f3 FD030000 		.4byte	0x3fd
 991 03f7 05       		.uleb128 0x5
 992 03f8 03       		.byte	0x3
 993 03f9 00000000 		.4byte	keyMap
 994 03fd 14       		.uleb128 0x14
 995 03fe D1030000 		.4byte	0x3d1
 996 0402 16       		.uleb128 0x16
 997 0403 5D020000 		.4byte	.LASF23
 998 0407 5D020000 		.4byte	.LASF23
 999 040b 04       		.byte	0x4
 1000 040c 33       		.byte	0x33
 1001 040d 16       		.uleb128 0x16
 1002 040e AF000000 		.4byte	.LASF24
 1003 0412 AF000000 		.4byte	.LASF24
 1004 0416 05       		.byte	0x5
 1005 0417 33       		.byte	0x33
 1006 0418 16       		.uleb128 0x16
 1007 0419 7A000000 		.4byte	.LASF25
 1008 041d 7A000000 		.4byte	.LASF25
 1009 0421 06       		.byte	0x6
 1010 0422 33       		.byte	0x33
 1011 0423 17       		.uleb128 0x17
 1012 0424 56020000 		.4byte	.LASF43
 1013 0428 56020000 		.4byte	.LASF43
 1014 042c 16       		.uleb128 0x16
 1015 042d B3020000 		.4byte	.LASF26
 1016 0431 B3020000 		.4byte	.LASF26
 1017 0435 07       		.byte	0x7
 1018 0436 33       		.byte	0x33
 1019 0437 16       		.uleb128 0x16
 1020 0438 0E000000 		.4byte	.LASF27
 1021 043c 0E000000 		.4byte	.LASF27
 1022 0440 08       		.byte	0x8
 1023 0441 33       		.byte	0x33
ARM GAS  C:\Users\statm\AppData\Local\Temp\ccrjYWV9.s 			page 21


 1024 0442 16       		.uleb128 0x16
 1025 0443 6E000000 		.4byte	.LASF28
 1026 0447 6E000000 		.4byte	.LASF28
 1027 044b 09       		.byte	0x9
 1028 044c 33       		.byte	0x33
 1029 044d 16       		.uleb128 0x16
 1030 044e 8A000000 		.4byte	.LASF29
 1031 0452 8A000000 		.4byte	.LASF29
 1032 0456 0A       		.byte	0xa
 1033 0457 33       		.byte	0x33
 1034 0458 16       		.uleb128 0x16
 1035 0459 1B010000 		.4byte	.LASF30
 1036 045d 1B010000 		.4byte	.LASF30
 1037 0461 0B       		.byte	0xb
 1038 0462 ED       		.byte	0xed
 1039 0463 16       		.uleb128 0x16
 1040 0464 00000000 		.4byte	.LASF31
 1041 0468 00000000 		.4byte	.LASF31
 1042 046c 0C       		.byte	0xc
 1043 046d 32       		.byte	0x32
 1044 046e 16       		.uleb128 0x16
 1045 046f 96000000 		.4byte	.LASF32
 1046 0473 96000000 		.4byte	.LASF32
 1047 0477 0D       		.byte	0xd
 1048 0478 32       		.byte	0x32
 1049 0479 16       		.uleb128 0x16
 1050 047a 01010000 		.4byte	.LASF33
 1051 047e 01010000 		.4byte	.LASF33
 1052 0482 0E       		.byte	0xe
 1053 0483 32       		.byte	0x32
 1054 0484 16       		.uleb128 0x16
 1055 0485 2E010000 		.4byte	.LASF34
 1056 0489 2E010000 		.4byte	.LASF34
 1057 048d 0F       		.byte	0xf
 1058 048e 5A       		.byte	0x5a
 1059 048f 16       		.uleb128 0x16
 1060 0490 74020000 		.4byte	.LASF35
 1061 0494 74020000 		.4byte	.LASF35
 1062 0498 10       		.byte	0x10
 1063 0499 18       		.byte	0x18
 1064 049a 00       		.byte	0
 1065              		.section	.debug_abbrev,"",%progbits
 1066              	.Ldebug_abbrev0:
 1067 0000 01       		.uleb128 0x1
 1068 0001 11       		.uleb128 0x11
 1069 0002 01       		.byte	0x1
 1070 0003 25       		.uleb128 0x25
 1071 0004 0E       		.uleb128 0xe
 1072 0005 13       		.uleb128 0x13
 1073 0006 0B       		.uleb128 0xb
 1074 0007 03       		.uleb128 0x3
 1075 0008 0E       		.uleb128 0xe
 1076 0009 1B       		.uleb128 0x1b
 1077 000a 0E       		.uleb128 0xe
 1078 000b 55       		.uleb128 0x55
 1079 000c 17       		.uleb128 0x17
 1080 000d 11       		.uleb128 0x11
ARM GAS  C:\Users\statm\AppData\Local\Temp\ccrjYWV9.s 			page 22


 1081 000e 01       		.uleb128 0x1
 1082 000f 10       		.uleb128 0x10
 1083 0010 17       		.uleb128 0x17
 1084 0011 00       		.byte	0
 1085 0012 00       		.byte	0
 1086 0013 02       		.uleb128 0x2
 1087 0014 24       		.uleb128 0x24
 1088 0015 00       		.byte	0
 1089 0016 0B       		.uleb128 0xb
 1090 0017 0B       		.uleb128 0xb
 1091 0018 3E       		.uleb128 0x3e
 1092 0019 0B       		.uleb128 0xb
 1093 001a 03       		.uleb128 0x3
 1094 001b 0E       		.uleb128 0xe
 1095 001c 00       		.byte	0
 1096 001d 00       		.byte	0
 1097 001e 03       		.uleb128 0x3
 1098 001f 16       		.uleb128 0x16
 1099 0020 00       		.byte	0
 1100 0021 03       		.uleb128 0x3
 1101 0022 0E       		.uleb128 0xe
 1102 0023 3A       		.uleb128 0x3a
 1103 0024 0B       		.uleb128 0xb
 1104 0025 3B       		.uleb128 0x3b
 1105 0026 0B       		.uleb128 0xb
 1106 0027 49       		.uleb128 0x49
 1107 0028 13       		.uleb128 0x13
 1108 0029 00       		.byte	0
 1109 002a 00       		.byte	0
 1110 002b 04       		.uleb128 0x4
 1111 002c 24       		.uleb128 0x24
 1112 002d 00       		.byte	0
 1113 002e 0B       		.uleb128 0xb
 1114 002f 0B       		.uleb128 0xb
 1115 0030 3E       		.uleb128 0x3e
 1116 0031 0B       		.uleb128 0xb
 1117 0032 03       		.uleb128 0x3
 1118 0033 08       		.uleb128 0x8
 1119 0034 00       		.byte	0
 1120 0035 00       		.byte	0
 1121 0036 05       		.uleb128 0x5
 1122 0037 2E       		.uleb128 0x2e
 1123 0038 01       		.byte	0x1
 1124 0039 03       		.uleb128 0x3
 1125 003a 0E       		.uleb128 0xe
 1126 003b 3A       		.uleb128 0x3a
 1127 003c 0B       		.uleb128 0xb
 1128 003d 3B       		.uleb128 0x3b
 1129 003e 0B       		.uleb128 0xb
 1130 003f 27       		.uleb128 0x27
 1131 0040 19       		.uleb128 0x19
 1132 0041 11       		.uleb128 0x11
 1133 0042 01       		.uleb128 0x1
 1134 0043 12       		.uleb128 0x12
 1135 0044 06       		.uleb128 0x6
 1136 0045 40       		.uleb128 0x40
 1137 0046 18       		.uleb128 0x18
ARM GAS  C:\Users\statm\AppData\Local\Temp\ccrjYWV9.s 			page 23


 1138 0047 9742     		.uleb128 0x2117
 1139 0049 19       		.uleb128 0x19
 1140 004a 01       		.uleb128 0x1
 1141 004b 13       		.uleb128 0x13
 1142 004c 00       		.byte	0
 1143 004d 00       		.byte	0
 1144 004e 06       		.uleb128 0x6
 1145 004f 05       		.uleb128 0x5
 1146 0050 00       		.byte	0
 1147 0051 03       		.uleb128 0x3
 1148 0052 0E       		.uleb128 0xe
 1149 0053 3A       		.uleb128 0x3a
 1150 0054 0B       		.uleb128 0xb
 1151 0055 3B       		.uleb128 0x3b
 1152 0056 0B       		.uleb128 0xb
 1153 0057 49       		.uleb128 0x49
 1154 0058 13       		.uleb128 0x13
 1155 0059 02       		.uleb128 0x2
 1156 005a 17       		.uleb128 0x17
 1157 005b 00       		.byte	0
 1158 005c 00       		.byte	0
 1159 005d 07       		.uleb128 0x7
 1160 005e 0B       		.uleb128 0xb
 1161 005f 01       		.byte	0x1
 1162 0060 11       		.uleb128 0x11
 1163 0061 01       		.uleb128 0x1
 1164 0062 12       		.uleb128 0x12
 1165 0063 06       		.uleb128 0x6
 1166 0064 00       		.byte	0
 1167 0065 00       		.byte	0
 1168 0066 08       		.uleb128 0x8
 1169 0067 34       		.uleb128 0x34
 1170 0068 00       		.byte	0
 1171 0069 03       		.uleb128 0x3
 1172 006a 08       		.uleb128 0x8
 1173 006b 3A       		.uleb128 0x3a
 1174 006c 0B       		.uleb128 0xb
 1175 006d 3B       		.uleb128 0x3b
 1176 006e 0B       		.uleb128 0xb
 1177 006f 49       		.uleb128 0x49
 1178 0070 13       		.uleb128 0x13
 1179 0071 02       		.uleb128 0x2
 1180 0072 17       		.uleb128 0x17
 1181 0073 00       		.byte	0
 1182 0074 00       		.byte	0
 1183 0075 09       		.uleb128 0x9
 1184 0076 898201   		.uleb128 0x4109
 1185 0079 01       		.byte	0x1
 1186 007a 11       		.uleb128 0x11
 1187 007b 01       		.uleb128 0x1
 1188 007c 31       		.uleb128 0x31
 1189 007d 13       		.uleb128 0x13
 1190 007e 01       		.uleb128 0x1
 1191 007f 13       		.uleb128 0x13
 1192 0080 00       		.byte	0
 1193 0081 00       		.byte	0
 1194 0082 0A       		.uleb128 0xa
ARM GAS  C:\Users\statm\AppData\Local\Temp\ccrjYWV9.s 			page 24


 1195 0083 8A8201   		.uleb128 0x410a
 1196 0086 00       		.byte	0
 1197 0087 02       		.uleb128 0x2
 1198 0088 18       		.uleb128 0x18
 1199 0089 9142     		.uleb128 0x2111
 1200 008b 18       		.uleb128 0x18
 1201 008c 00       		.byte	0
 1202 008d 00       		.byte	0
 1203 008e 0B       		.uleb128 0xb
 1204 008f 898201   		.uleb128 0x4109
 1205 0092 01       		.byte	0x1
 1206 0093 11       		.uleb128 0x11
 1207 0094 01       		.uleb128 0x1
 1208 0095 31       		.uleb128 0x31
 1209 0096 13       		.uleb128 0x13
 1210 0097 00       		.byte	0
 1211 0098 00       		.byte	0
 1212 0099 0C       		.uleb128 0xc
 1213 009a 05       		.uleb128 0x5
 1214 009b 00       		.byte	0
 1215 009c 03       		.uleb128 0x3
 1216 009d 08       		.uleb128 0x8
 1217 009e 3A       		.uleb128 0x3a
 1218 009f 0B       		.uleb128 0xb
 1219 00a0 3B       		.uleb128 0x3b
 1220 00a1 0B       		.uleb128 0xb
 1221 00a2 49       		.uleb128 0x49
 1222 00a3 13       		.uleb128 0x13
 1223 00a4 02       		.uleb128 0x2
 1224 00a5 17       		.uleb128 0x17
 1225 00a6 00       		.byte	0
 1226 00a7 00       		.byte	0
 1227 00a8 0D       		.uleb128 0xd
 1228 00a9 2E       		.uleb128 0x2e
 1229 00aa 01       		.byte	0x1
 1230 00ab 3F       		.uleb128 0x3f
 1231 00ac 19       		.uleb128 0x19
 1232 00ad 03       		.uleb128 0x3
 1233 00ae 0E       		.uleb128 0xe
 1234 00af 3A       		.uleb128 0x3a
 1235 00b0 0B       		.uleb128 0xb
 1236 00b1 3B       		.uleb128 0x3b
 1237 00b2 0B       		.uleb128 0xb
 1238 00b3 27       		.uleb128 0x27
 1239 00b4 19       		.uleb128 0x19
 1240 00b5 11       		.uleb128 0x11
 1241 00b6 01       		.uleb128 0x1
 1242 00b7 12       		.uleb128 0x12
 1243 00b8 06       		.uleb128 0x6
 1244 00b9 40       		.uleb128 0x40
 1245 00ba 18       		.uleb128 0x18
 1246 00bb 9742     		.uleb128 0x2117
 1247 00bd 19       		.uleb128 0x19
 1248 00be 01       		.uleb128 0x1
 1249 00bf 13       		.uleb128 0x13
 1250 00c0 00       		.byte	0
 1251 00c1 00       		.byte	0
ARM GAS  C:\Users\statm\AppData\Local\Temp\ccrjYWV9.s 			page 25


 1252 00c2 0E       		.uleb128 0xe
 1253 00c3 34       		.uleb128 0x34
 1254 00c4 00       		.byte	0
 1255 00c5 03       		.uleb128 0x3
 1256 00c6 0E       		.uleb128 0xe
 1257 00c7 3A       		.uleb128 0x3a
 1258 00c8 0B       		.uleb128 0xb
 1259 00c9 3B       		.uleb128 0x3b
 1260 00ca 0B       		.uleb128 0xb
 1261 00cb 49       		.uleb128 0x49
 1262 00cc 13       		.uleb128 0x13
 1263 00cd 02       		.uleb128 0x2
 1264 00ce 18       		.uleb128 0x18
 1265 00cf 00       		.byte	0
 1266 00d0 00       		.byte	0
 1267 00d1 0F       		.uleb128 0xf
 1268 00d2 01       		.uleb128 0x1
 1269 00d3 01       		.byte	0x1
 1270 00d4 49       		.uleb128 0x49
 1271 00d5 13       		.uleb128 0x13
 1272 00d6 01       		.uleb128 0x1
 1273 00d7 13       		.uleb128 0x13
 1274 00d8 00       		.byte	0
 1275 00d9 00       		.byte	0
 1276 00da 10       		.uleb128 0x10
 1277 00db 21       		.uleb128 0x21
 1278 00dc 00       		.byte	0
 1279 00dd 49       		.uleb128 0x49
 1280 00de 13       		.uleb128 0x13
 1281 00df 2F       		.uleb128 0x2f
 1282 00e0 0B       		.uleb128 0xb
 1283 00e1 00       		.byte	0
 1284 00e2 00       		.byte	0
 1285 00e3 11       		.uleb128 0x11
 1286 00e4 2E       		.uleb128 0x2e
 1287 00e5 01       		.byte	0x1
 1288 00e6 3F       		.uleb128 0x3f
 1289 00e7 19       		.uleb128 0x19
 1290 00e8 03       		.uleb128 0x3
 1291 00e9 0E       		.uleb128 0xe
 1292 00ea 3A       		.uleb128 0x3a
 1293 00eb 0B       		.uleb128 0xb
 1294 00ec 3B       		.uleb128 0x3b
 1295 00ed 0B       		.uleb128 0xb
 1296 00ee 27       		.uleb128 0x27
 1297 00ef 19       		.uleb128 0x19
 1298 00f0 49       		.uleb128 0x49
 1299 00f1 13       		.uleb128 0x13
 1300 00f2 11       		.uleb128 0x11
 1301 00f3 01       		.uleb128 0x1
 1302 00f4 12       		.uleb128 0x12
 1303 00f5 06       		.uleb128 0x6
 1304 00f6 40       		.uleb128 0x40
 1305 00f7 18       		.uleb128 0x18
 1306 00f8 9742     		.uleb128 0x2117
 1307 00fa 19       		.uleb128 0x19
 1308 00fb 01       		.uleb128 0x1
ARM GAS  C:\Users\statm\AppData\Local\Temp\ccrjYWV9.s 			page 26


 1309 00fc 13       		.uleb128 0x13
 1310 00fd 00       		.byte	0
 1311 00fe 00       		.byte	0
 1312 00ff 12       		.uleb128 0x12
 1313 0100 898201   		.uleb128 0x4109
 1314 0103 00       		.byte	0
 1315 0104 11       		.uleb128 0x11
 1316 0105 01       		.uleb128 0x1
 1317 0106 31       		.uleb128 0x31
 1318 0107 13       		.uleb128 0x13
 1319 0108 00       		.byte	0
 1320 0109 00       		.byte	0
 1321 010a 13       		.uleb128 0x13
 1322 010b 2E       		.uleb128 0x2e
 1323 010c 01       		.byte	0x1
 1324 010d 3F       		.uleb128 0x3f
 1325 010e 19       		.uleb128 0x19
 1326 010f 03       		.uleb128 0x3
 1327 0110 0E       		.uleb128 0xe
 1328 0111 3A       		.uleb128 0x3a
 1329 0112 0B       		.uleb128 0xb
 1330 0113 3B       		.uleb128 0x3b
 1331 0114 0B       		.uleb128 0xb
 1332 0115 27       		.uleb128 0x27
 1333 0116 19       		.uleb128 0x19
 1334 0117 49       		.uleb128 0x49
 1335 0118 13       		.uleb128 0x13
 1336 0119 8701     		.uleb128 0x87
 1337 011b 19       		.uleb128 0x19
 1338 011c 11       		.uleb128 0x11
 1339 011d 01       		.uleb128 0x1
 1340 011e 12       		.uleb128 0x12
 1341 011f 06       		.uleb128 0x6
 1342 0120 40       		.uleb128 0x40
 1343 0121 18       		.uleb128 0x18
 1344 0122 9742     		.uleb128 0x2117
 1345 0124 19       		.uleb128 0x19
 1346 0125 01       		.uleb128 0x1
 1347 0126 13       		.uleb128 0x13
 1348 0127 00       		.byte	0
 1349 0128 00       		.byte	0
 1350 0129 14       		.uleb128 0x14
 1351 012a 26       		.uleb128 0x26
 1352 012b 00       		.byte	0
 1353 012c 49       		.uleb128 0x49
 1354 012d 13       		.uleb128 0x13
 1355 012e 00       		.byte	0
 1356 012f 00       		.byte	0
 1357 0130 15       		.uleb128 0x15
 1358 0131 34       		.uleb128 0x34
 1359 0132 00       		.byte	0
 1360 0133 03       		.uleb128 0x3
 1361 0134 0E       		.uleb128 0xe
 1362 0135 3A       		.uleb128 0x3a
 1363 0136 0B       		.uleb128 0xb
 1364 0137 3B       		.uleb128 0x3b
 1365 0138 0B       		.uleb128 0xb
ARM GAS  C:\Users\statm\AppData\Local\Temp\ccrjYWV9.s 			page 27


 1366 0139 49       		.uleb128 0x49
 1367 013a 13       		.uleb128 0x13
 1368 013b 3F       		.uleb128 0x3f
 1369 013c 19       		.uleb128 0x19
 1370 013d 02       		.uleb128 0x2
 1371 013e 18       		.uleb128 0x18
 1372 013f 00       		.byte	0
 1373 0140 00       		.byte	0
 1374 0141 16       		.uleb128 0x16
 1375 0142 2E       		.uleb128 0x2e
 1376 0143 00       		.byte	0
 1377 0144 3F       		.uleb128 0x3f
 1378 0145 19       		.uleb128 0x19
 1379 0146 3C       		.uleb128 0x3c
 1380 0147 19       		.uleb128 0x19
 1381 0148 6E       		.uleb128 0x6e
 1382 0149 0E       		.uleb128 0xe
 1383 014a 03       		.uleb128 0x3
 1384 014b 0E       		.uleb128 0xe
 1385 014c 3A       		.uleb128 0x3a
 1386 014d 0B       		.uleb128 0xb
 1387 014e 3B       		.uleb128 0x3b
 1388 014f 0B       		.uleb128 0xb
 1389 0150 00       		.byte	0
 1390 0151 00       		.byte	0
 1391 0152 17       		.uleb128 0x17
 1392 0153 2E       		.uleb128 0x2e
 1393 0154 00       		.byte	0
 1394 0155 3F       		.uleb128 0x3f
 1395 0156 19       		.uleb128 0x19
 1396 0157 3C       		.uleb128 0x3c
 1397 0158 19       		.uleb128 0x19
 1398 0159 6E       		.uleb128 0x6e
 1399 015a 0E       		.uleb128 0xe
 1400 015b 03       		.uleb128 0x3
 1401 015c 0E       		.uleb128 0xe
 1402 015d 00       		.byte	0
 1403 015e 00       		.byte	0
 1404 015f 00       		.byte	0
 1405              		.section	.debug_loc,"",%progbits
 1406              	.Ldebug_loc0:
 1407              	.LLST0:
 1408 0000 00000000 		.4byte	.LVL0
 1409 0004 08000000 		.4byte	.LVL2
 1410 0008 0100     		.2byte	0x1
 1411 000a 50       		.byte	0x50
 1412 000b 08000000 		.4byte	.LVL2
 1413 000f 34000000 		.4byte	.LFE32
 1414 0013 0400     		.2byte	0x4
 1415 0015 F3       		.byte	0xf3
 1416 0016 01       		.uleb128 0x1
 1417 0017 50       		.byte	0x50
 1418 0018 9F       		.byte	0x9f
 1419 0019 00000000 		.4byte	0
 1420 001d 00000000 		.4byte	0
 1421              	.LLST1:
 1422 0021 04000000 		.4byte	.LVL1
ARM GAS  C:\Users\statm\AppData\Local\Temp\ccrjYWV9.s 			page 28


 1423 0025 08000000 		.4byte	.LVL2
 1424 0029 0200     		.2byte	0x2
 1425 002b 30       		.byte	0x30
 1426 002c 9F       		.byte	0x9f
 1427 002d 08000000 		.4byte	.LVL2
 1428 0031 2C000000 		.4byte	.LVL7
 1429 0035 0100     		.2byte	0x1
 1430 0037 54       		.byte	0x54
 1431 0038 2E000000 		.4byte	.LVL8
 1432 003c 32000000 		.4byte	.LVL9
 1433 0040 0100     		.2byte	0x1
 1434 0042 54       		.byte	0x54
 1435 0043 00000000 		.4byte	0
 1436 0047 00000000 		.4byte	0
 1437              	.LLST2:
 1438 004b 00000000 		.4byte	.LVL10
 1439 004f 0E000000 		.4byte	.LVL11
 1440 0053 0100     		.2byte	0x1
 1441 0055 50       		.byte	0x50
 1442 0056 0E000000 		.4byte	.LVL11
 1443 005a 50000000 		.4byte	.LFE33
 1444 005e 0400     		.2byte	0x4
 1445 0060 F3       		.byte	0xf3
 1446 0061 01       		.uleb128 0x1
 1447 0062 50       		.byte	0x50
 1448 0063 9F       		.byte	0x9f
 1449 0064 00000000 		.4byte	0
 1450 0068 00000000 		.4byte	0
 1451              	.LLST3:
 1452 006c 00000000 		.4byte	.LVL10
 1453 0070 11000000 		.4byte	.LVL12-1
 1454 0074 0100     		.2byte	0x1
 1455 0076 51       		.byte	0x51
 1456 0077 11000000 		.4byte	.LVL12-1
 1457 007b 50000000 		.4byte	.LFE33
 1458 007f 0400     		.2byte	0x4
 1459 0081 F3       		.byte	0xf3
 1460 0082 01       		.uleb128 0x1
 1461 0083 51       		.byte	0x51
 1462 0084 9F       		.byte	0x9f
 1463 0085 00000000 		.4byte	0
 1464 0089 00000000 		.4byte	0
 1465              	.LLST4:
 1466 008d 00000000 		.4byte	.LVL10
 1467 0091 11000000 		.4byte	.LVL12-1
 1468 0095 0100     		.2byte	0x1
 1469 0097 52       		.byte	0x52
 1470 0098 11000000 		.4byte	.LVL12-1
 1471 009c 50000000 		.4byte	.LFE33
 1472 00a0 0400     		.2byte	0x4
 1473 00a2 F3       		.byte	0xf3
 1474 00a3 01       		.uleb128 0x1
 1475 00a4 52       		.byte	0x52
 1476 00a5 9F       		.byte	0x9f
 1477 00a6 00000000 		.4byte	0
 1478 00aa 00000000 		.4byte	0
 1479              	.LLST5:
ARM GAS  C:\Users\statm\AppData\Local\Temp\ccrjYWV9.s 			page 29


 1480 00ae 02000000 		.4byte	.LVL21
 1481 00b2 06000000 		.4byte	.LVL22
 1482 00b6 0200     		.2byte	0x2
 1483 00b8 30       		.byte	0x30
 1484 00b9 9F       		.byte	0x9f
 1485 00ba 06000000 		.4byte	.LVL22
 1486 00be 58000000 		.4byte	.LVL33
 1487 00c2 0100     		.2byte	0x1
 1488 00c4 54       		.byte	0x54
 1489 00c5 60000000 		.4byte	.LVL34
 1490 00c9 6C000000 		.4byte	.LVL36
 1491 00cd 0100     		.2byte	0x1
 1492 00cf 54       		.byte	0x54
 1493 00d0 74000000 		.4byte	.LVL37
 1494 00d4 80000000 		.4byte	.LVL39
 1495 00d8 0100     		.2byte	0x1
 1496 00da 54       		.byte	0x54
 1497 00db 88000000 		.4byte	.LVL40
 1498 00df 8A000000 		.4byte	.LVL41
 1499 00e3 0100     		.2byte	0x1
 1500 00e5 54       		.byte	0x54
 1501 00e6 8C000000 		.4byte	.LVL42
 1502 00ea 92000000 		.4byte	.LVL43
 1503 00ee 0100     		.2byte	0x1
 1504 00f0 54       		.byte	0x54
 1505 00f1 00000000 		.4byte	0
 1506 00f5 00000000 		.4byte	0
 1507              		.section	.debug_aranges,"",%progbits
 1508 0000 3C000000 		.4byte	0x3c
 1509 0004 0200     		.2byte	0x2
 1510 0006 00000000 		.4byte	.Ldebug_info0
 1511 000a 04       		.byte	0x4
 1512 000b 00       		.byte	0
 1513 000c 0000     		.2byte	0
 1514 000e 0000     		.2byte	0
 1515 0010 00000000 		.4byte	.LFB32
 1516 0014 34000000 		.4byte	.LFE32-.LFB32
 1517 0018 00000000 		.4byte	.LFB33
 1518 001c 50000000 		.4byte	.LFE33-.LFB33
 1519 0020 00000000 		.4byte	.LFB35
 1520 0024 3C000000 		.4byte	.LFE35-.LFB35
 1521 0028 00000000 		.4byte	.LFB34
 1522 002c 98000000 		.4byte	.LFE34-.LFB34
 1523 0030 00000000 		.4byte	.LFB36
 1524 0034 14000000 		.4byte	.LFE36-.LFB36
 1525 0038 00000000 		.4byte	0
 1526 003c 00000000 		.4byte	0
 1527              		.section	.debug_ranges,"",%progbits
 1528              	.Ldebug_ranges0:
 1529 0000 00000000 		.4byte	.LFB32
 1530 0004 34000000 		.4byte	.LFE32
 1531 0008 00000000 		.4byte	.LFB33
 1532 000c 50000000 		.4byte	.LFE33
 1533 0010 00000000 		.4byte	.LFB35
 1534 0014 3C000000 		.4byte	.LFE35
 1535 0018 00000000 		.4byte	.LFB34
 1536 001c 98000000 		.4byte	.LFE34
ARM GAS  C:\Users\statm\AppData\Local\Temp\ccrjYWV9.s 			page 30


 1537 0020 00000000 		.4byte	.LFB36
 1538 0024 14000000 		.4byte	.LFE36
 1539 0028 00000000 		.4byte	0
 1540 002c 00000000 		.4byte	0
 1541              		.section	.debug_line,"",%progbits
 1542              	.Ldebug_line0:
 1543 0000 75020000 		.section	.debug_str,"MS",%progbits,1
 1543      02009C01 
 1543      00000201 
 1543      FB0E0D00 
 1543      01010101 
 1544              	.LASF31:
 1545 0000 434F4C55 		.ascii	"COLUMN_0_Read\000"
 1545      4D4E5F30 
 1545      5F526561 
 1545      6400
 1546              	.LASF27:
 1547 000e 524F575F 		.ascii	"ROW_1_Write\000"
 1547      315F5772 
 1547      69746500 
 1548              	.LASF9:
 1549 001a 5F5F7569 		.ascii	"__uint8_t\000"
 1549      6E74385F 
 1549      7400
 1550              	.LASF38:
 1551 0024 453A5C6C 		.ascii	"E:\\lab-mkr-1-main\\lab-mkr-1-main\\lab3_Skorobohat"
 1551      61622D6D 
 1551      6B722D31 
 1551      2D6D6169 
 1551      6E5C6C61 
 1552 0054 79695C53 		.ascii	"yi\\SkorobohatyiLab5.cydsn\000"
 1552      6B6F726F 
 1552      626F6861 
 1552      7479694C 
 1552      6162352E 
 1553              	.LASF28:
 1554 006e 524F575F 		.ascii	"ROW_2_Write\000"
 1554      325F5772 
 1554      69746500 
 1555              	.LASF25:
 1556 007a 50696E5F 		.ascii	"Pin_Latch_Write\000"
 1556      4C617463 
 1556      685F5772 
 1556      69746500 
 1557              	.LASF29:
 1558 008a 524F575F 		.ascii	"ROW_3_Write\000"
 1558      335F5772 
 1558      69746500 
 1559              	.LASF32:
 1560 0096 434F4C55 		.ascii	"COLUMN_1_Read\000"
 1560      4D4E5F31 
 1560      5F526561 
 1560      6400
 1561              	.LASF11:
 1562 00a4 666C6F61 		.ascii	"float\000"
 1562      7400
 1563              	.LASF18:
ARM GAS  C:\Users\statm\AppData\Local\Temp\ccrjYWV9.s 			page 31


 1564 00aa 64617461 		.ascii	"data\000"
 1564      00
 1565              	.LASF24:
 1566 00af 50696E5F 		.ascii	"Pin_CLK_Write\000"
 1566      434C4B5F 
 1566      57726974 
 1566      6500
 1567              	.LASF1:
 1568 00bd 756E7369 		.ascii	"unsigned char\000"
 1568      676E6564 
 1568      20636861 
 1568      7200
 1569              	.LASF40:
 1570 00cb 5363616E 		.ascii	"ScanMatrixKeypad\000"
 1570      4D617472 
 1570      69784B65 
 1570      79706164 
 1570      00
 1571              	.LASF5:
 1572 00dc 6C6F6E67 		.ascii	"long unsigned int\000"
 1572      20756E73 
 1572      69676E65 
 1572      6420696E 
 1572      7400
 1573              	.LASF3:
 1574 00ee 73686F72 		.ascii	"short unsigned int\000"
 1574      7420756E 
 1574      7369676E 
 1574      65642069 
 1574      6E7400
 1575              	.LASF33:
 1576 0101 434F4C55 		.ascii	"COLUMN_2_Read\000"
 1576      4D4E5F32 
 1576      5F526561 
 1576      6400
 1577              	.LASF12:
 1578 010f 646F7562 		.ascii	"double\000"
 1578      6C6500
 1579              	.LASF41:
 1580 0116 6D61696E 		.ascii	"main\000"
 1580      00
 1581              	.LASF30:
 1582 011b 43794465 		.ascii	"CyDelayUs\000"
 1582      6C617955 
 1582      7300
 1583              	.LASF19:
 1584 0125 706F7369 		.ascii	"position\000"
 1584      74696F6E 
 1584      00
 1585              	.LASF34:
 1586 012e 54696D65 		.ascii	"Timer_Start\000"
 1586      725F5374 
 1586      61727400 
 1587              	.LASF39:
 1588 013a 54696D65 		.ascii	"Timer_Int_Handler2\000"
 1588      725F496E 
 1588      745F4861 
ARM GAS  C:\Users\statm\AppData\Local\Temp\ccrjYWV9.s 			page 32


 1588      6E646C65 
 1588      723200
 1589              	.LASF8:
 1590 014d 756E7369 		.ascii	"unsigned int\000"
 1590      676E6564 
 1590      20696E74 
 1590      00
 1591              	.LASF20:
 1592 015a 64696769 		.ascii	"digit\000"
 1592      7400
 1593              	.LASF7:
 1594 0160 6C6F6E67 		.ascii	"long long unsigned int\000"
 1594      206C6F6E 
 1594      6720756E 
 1594      7369676E 
 1594      65642069 
 1595              	.LASF10:
 1596 0177 75696E74 		.ascii	"uint8_t\000"
 1596      385F7400 
 1597              	.LASF36:
 1598 017f 474E5520 		.ascii	"GNU C11 5.4.1 20160609 (release) [ARM/embedded-5-br"
 1598      43313120 
 1598      352E342E 
 1598      31203230 
 1598      31363036 
 1599 01b2 616E6368 		.ascii	"anch revision 237715] -mcpu=cortex-m0 -mthumb -g -O"
 1599      20726576 
 1599      6973696F 
 1599      6E203233 
 1599      37373135 
 1600 01e5 67202D66 		.ascii	"g -ffunction-sections -ffat-lto-objects\000"
 1600      66756E63 
 1600      74696F6E 
 1600      2D736563 
 1600      74696F6E 
 1601              	.LASF15:
 1602 020d 73697A65 		.ascii	"sizetype\000"
 1602      74797065 
 1602      00
 1603              	.LASF17:
 1604 0216 466F7572 		.ascii	"FourDigit74HC595_sendOneDigit\000"
 1604      44696769 
 1604      74373448 
 1604      43353935 
 1604      5F73656E 
 1605              	.LASF6:
 1606 0234 6C6F6E67 		.ascii	"long long int\000"
 1606      206C6F6E 
 1606      6720696E 
 1606      7400
 1607              	.LASF37:
 1608 0242 6D61696E 		.ascii	"main.c\000"
 1608      2E6300
 1609              	.LASF13:
 1610 0249 63686172 		.ascii	"char\000"
 1610      00
 1611              	.LASF21:
ARM GAS  C:\Users\statm\AppData\Local\Temp\ccrjYWV9.s 			page 33


 1612 024e 4C45445F 		.ascii	"LED_NUM\000"
 1612      4E554D00 
 1613              	.LASF43:
 1614 0256 6D656D63 		.ascii	"memcpy\000"
 1614      707900
 1615              	.LASF23:
 1616 025d 50696E5F 		.ascii	"Pin_DO_Write\000"
 1616      444F5F57 
 1616      72697465 
 1616      00
 1617              	.LASF2:
 1618 026a 73686F72 		.ascii	"short int\000"
 1618      7420696E 
 1618      7400
 1619              	.LASF35:
 1620 0274 54696D65 		.ascii	"Timer_Int_StartEx\000"
 1620      725F496E 
 1620      745F5374 
 1620      61727445 
 1620      7800
 1621              	.LASF4:
 1622 0286 6C6F6E67 		.ascii	"long int\000"
 1622      20696E74 
 1622      00
 1623              	.LASF22:
 1624 028f 6C65645F 		.ascii	"led_counter\000"
 1624      636F756E 
 1624      74657200 
 1625              	.LASF14:
 1626 029b 6C6F6E67 		.ascii	"long double\000"
 1626      20646F75 
 1626      626C6500 
 1627              	.LASF0:
 1628 02a7 7369676E 		.ascii	"signed char\000"
 1628      65642063 
 1628      68617200 
 1629              	.LASF26:
 1630 02b3 524F575F 		.ascii	"ROW_0_Write\000"
 1630      305F5772 
 1630      69746500 
 1631              	.LASF16:
 1632 02bf 466F7572 		.ascii	"FourDigit74HC595_sendData\000"
 1632      44696769 
 1632      74373448 
 1632      43353935 
 1632      5F73656E 
 1633              	.LASF42:
 1634 02d9 6B65794D 		.ascii	"keyMap\000"
 1634      617000
 1635              		.ident	"GCC: (GNU Tools for ARM Embedded Processors) 5.4.1 20160609 (release) [ARM/embedded-5-bran
